{"/Users/poorva/Documents/ws-sites-for-git/bowring-and-lady-cur-2kgs-3-24-hth/lib/arrayUtils.ts": {"path":"/Users/poorva/Documents/ws-sites-for-git/bowring-and-lady-cur-2kgs-3-24-hth/lib/arrayUtils.ts","all":false,"statementMap":{"0":{"start":{"line":1,"column":0},"end":{"line":1,"column":51}},"1":{"start":{"line":2,"column":0},"end":{"line":2,"column":0}},"2":{"start":{"line":3,"column":0},"end":{"line":3,"column":3}},"3":{"start":{"line":4,"column":0},"end":{"line":4,"column":55}},"4":{"start":{"line":5,"column":0},"end":{"line":5,"column":3}},"5":{"start":{"line":6,"column":0},"end":{"line":6,"column":57}},"6":{"start":{"line":7,"column":0},"end":{"line":7,"column":42}},"7":{"start":{"line":8,"column":0},"end":{"line":8,"column":27}},"8":{"start":{"line":9,"column":0},"end":{"line":9,"column":46}},"9":{"start":{"line":10,"column":0},"end":{"line":10,"column":40}},"10":{"start":{"line":11,"column":0},"end":{"line":11,"column":3}},"11":{"start":{"line":12,"column":0},"end":{"line":12,"column":16}},"12":{"start":{"line":13,"column":0},"end":{"line":13,"column":1}},"13":{"start":{"line":14,"column":0},"end":{"line":14,"column":0}},"14":{"start":{"line":15,"column":0},"end":{"line":15,"column":3}},"15":{"start":{"line":16,"column":0},"end":{"line":16,"column":40}},"16":{"start":{"line":17,"column":0},"end":{"line":17,"column":3}},"17":{"start":{"line":18,"column":0},"end":{"line":18,"column":51}},"18":{"start":{"line":19,"column":0},"end":{"line":19,"column":40}},"19":{"start":{"line":20,"column":0},"end":{"line":20,"column":56}},"20":{"start":{"line":21,"column":0},"end":{"line":21,"column":9}},"21":{"start":{"line":22,"column":0},"end":{"line":22,"column":1}},"22":{"start":{"line":23,"column":0},"end":{"line":23,"column":0}},"23":{"start":{"line":24,"column":0},"end":{"line":24,"column":3}},"24":{"start":{"line":25,"column":0},"end":{"line":25,"column":34}},"25":{"start":{"line":26,"column":0},"end":{"line":26,"column":3}},"26":{"start":{"line":27,"column":0},"end":{"line":27,"column":42}},"27":{"start":{"line":28,"column":0},"end":{"line":28,"column":27}},"28":{"start":{"line":29,"column":0},"end":{"line":29,"column":1}},"29":{"start":{"line":30,"column":0},"end":{"line":30,"column":0}},"30":{"start":{"line":31,"column":0},"end":{"line":31,"column":3}},"31":{"start":{"line":32,"column":0},"end":{"line":32,"column":48}},"32":{"start":{"line":33,"column":0},"end":{"line":33,"column":3}},"33":{"start":{"line":34,"column":0},"end":{"line":34,"column":43}},"34":{"start":{"line":35,"column":0},"end":{"line":35,"column":26}},"35":{"start":{"line":36,"column":0},"end":{"line":36,"column":47}},"36":{"start":{"line":37,"column":0},"end":{"line":37,"column":50}},"37":{"start":{"line":38,"column":0},"end":{"line":38,"column":52}},"38":{"start":{"line":39,"column":0},"end":{"line":39,"column":3}},"39":{"start":{"line":40,"column":0},"end":{"line":40,"column":16}},"40":{"start":{"line":41,"column":0},"end":{"line":41,"column":1}},"41":{"start":{"line":42,"column":0},"end":{"line":42,"column":0}},"42":{"start":{"line":43,"column":0},"end":{"line":43,"column":3}},"43":{"start":{"line":44,"column":0},"end":{"line":44,"column":37}},"44":{"start":{"line":45,"column":0},"end":{"line":45,"column":3}},"45":{"start":{"line":46,"column":0},"end":{"line":46,"column":60}},"46":{"start":{"line":47,"column":0},"end":{"line":47,"column":29}},"47":{"start":{"line":48,"column":0},"end":{"line":48,"column":45}},"48":{"start":{"line":49,"column":0},"end":{"line":49,"column":1}},"49":{"start":{"line":50,"column":0},"end":{"line":50,"column":0}},"50":{"start":{"line":51,"column":0},"end":{"line":51,"column":3}},"51":{"start":{"line":52,"column":0},"end":{"line":52,"column":72}},"52":{"start":{"line":53,"column":0},"end":{"line":53,"column":3}},"53":{"start":{"line":54,"column":0},"end":{"line":54,"column":58}},"54":{"start":{"line":55,"column":0},"end":{"line":55,"column":29}},"55":{"start":{"line":56,"column":0},"end":{"line":56,"column":46}},"56":{"start":{"line":57,"column":0},"end":{"line":57,"column":1}},"57":{"start":{"line":58,"column":0},"end":{"line":58,"column":0}},"58":{"start":{"line":59,"column":0},"end":{"line":59,"column":3}},"59":{"start":{"line":60,"column":0},"end":{"line":60,"column":34}},"60":{"start":{"line":61,"column":0},"end":{"line":61,"column":3}},"61":{"start":{"line":62,"column":0},"end":{"line":62,"column":61}},"62":{"start":{"line":63,"column":0},"end":{"line":63,"column":29}},"63":{"start":{"line":64,"column":0},"end":{"line":64,"column":32}},"64":{"start":{"line":65,"column":0},"end":{"line":65,"column":56}},"65":{"start":{"line":66,"column":0},"end":{"line":66,"column":1}},"66":{"start":{"line":67,"column":0},"end":{"line":67,"column":0}},"67":{"start":{"line":68,"column":0},"end":{"line":68,"column":3}},"68":{"start":{"line":69,"column":0},"end":{"line":69,"column":37}},"69":{"start":{"line":70,"column":0},"end":{"line":70,"column":3}},"70":{"start":{"line":71,"column":0},"end":{"line":71,"column":55}},"71":{"start":{"line":72,"column":0},"end":{"line":72,"column":24}},"72":{"start":{"line":73,"column":0},"end":{"line":73,"column":23}},"73":{"start":{"line":74,"column":0},"end":{"line":74,"column":1}},"74":{"start":{"line":75,"column":0},"end":{"line":75,"column":0}},"75":{"start":{"line":76,"column":0},"end":{"line":76,"column":3}},"76":{"start":{"line":77,"column":0},"end":{"line":77,"column":38}},"77":{"start":{"line":78,"column":0},"end":{"line":78,"column":3}},"78":{"start":{"line":79,"column":0},"end":{"line":79,"column":56}},"79":{"start":{"line":80,"column":0},"end":{"line":80,"column":24}},"80":{"start":{"line":81,"column":0},"end":{"line":81,"column":25}},"81":{"start":{"line":82,"column":0},"end":{"line":82,"column":1}},"82":{"start":{"line":83,"column":0},"end":{"line":83,"column":0}},"83":{"start":{"line":84,"column":0},"end":{"line":84,"column":3}},"84":{"start":{"line":85,"column":0},"end":{"line":85,"column":50}},"85":{"start":{"line":86,"column":0},"end":{"line":86,"column":3}},"86":{"start":{"line":87,"column":0},"end":{"line":87,"column":49}},"87":{"start":{"line":88,"column":0},"end":{"line":88,"column":29}},"88":{"start":{"line":89,"column":0},"end":{"line":89,"column":17}},"89":{"start":{"line":90,"column":0},"end":{"line":90,"column":40}},"90":{"start":{"line":91,"column":0},"end":{"line":91,"column":41}},"91":{"start":{"line":92,"column":0},"end":{"line":92,"column":3}},"92":{"start":{"line":93,"column":0},"end":{"line":93,"column":16}},"93":{"start":{"line":94,"column":0},"end":{"line":94,"column":1}},"94":{"start":{"line":95,"column":0},"end":{"line":95,"column":0}},"95":{"start":{"line":96,"column":0},"end":{"line":96,"column":3}},"96":{"start":{"line":97,"column":0},"end":{"line":97,"column":50}},"97":{"start":{"line":98,"column":0},"end":{"line":98,"column":3}},"98":{"start":{"line":99,"column":0},"end":{"line":99,"column":49}},"99":{"start":{"line":100,"column":0},"end":{"line":100,"column":29}},"100":{"start":{"line":101,"column":0},"end":{"line":101,"column":17}},"101":{"start":{"line":102,"column":0},"end":{"line":102,"column":40}},"102":{"start":{"line":103,"column":0},"end":{"line":103,"column":41}},"103":{"start":{"line":104,"column":0},"end":{"line":104,"column":3}},"104":{"start":{"line":105,"column":0},"end":{"line":105,"column":16}},"105":{"start":{"line":106,"column":0},"end":{"line":106,"column":1}},"106":{"start":{"line":107,"column":0},"end":{"line":107,"column":0}},"107":{"start":{"line":108,"column":0},"end":{"line":108,"column":3}},"108":{"start":{"line":109,"column":0},"end":{"line":109,"column":43}},"109":{"start":{"line":110,"column":0},"end":{"line":110,"column":3}},"110":{"start":{"line":111,"column":0},"end":{"line":111,"column":44}},"111":{"start":{"line":112,"column":0},"end":{"line":112,"column":48}},"112":{"start":{"line":113,"column":0},"end":{"line":113,"column":1}},"113":{"start":{"line":114,"column":0},"end":{"line":114,"column":0}},"114":{"start":{"line":115,"column":0},"end":{"line":115,"column":3}},"115":{"start":{"line":116,"column":0},"end":{"line":116,"column":47}},"116":{"start":{"line":117,"column":0},"end":{"line":117,"column":3}},"117":{"start":{"line":118,"column":0},"end":{"line":118,"column":48}},"118":{"start":{"line":119,"column":0},"end":{"line":119,"column":28}},"119":{"start":{"line":120,"column":0},"end":{"line":120,"column":31}},"120":{"start":{"line":121,"column":0},"end":{"line":121,"column":1}},"121":{"start":{"line":122,"column":0},"end":{"line":122,"column":0}},"122":{"start":{"line":123,"column":0},"end":{"line":123,"column":3}},"123":{"start":{"line":124,"column":0},"end":{"line":124,"column":44}},"124":{"start":{"line":125,"column":0},"end":{"line":125,"column":3}},"125":{"start":{"line":126,"column":0},"end":{"line":126,"column":81}},"126":{"start":{"line":127,"column":0},"end":{"line":127,"column":36}},"127":{"start":{"line":128,"column":0},"end":{"line":128,"column":1}},"128":{"start":{"line":129,"column":0},"end":{"line":129,"column":0}},"129":{"start":{"line":130,"column":0},"end":{"line":130,"column":3}},"130":{"start":{"line":131,"column":0},"end":{"line":131,"column":31}},"131":{"start":{"line":132,"column":0},"end":{"line":132,"column":3}},"132":{"start":{"line":133,"column":0},"end":{"line":133,"column":49}},"133":{"start":{"line":134,"column":0},"end":{"line":134,"column":32}},"134":{"start":{"line":135,"column":0},"end":{"line":135,"column":63}},"135":{"start":{"line":136,"column":0},"end":{"line":136,"column":27}},"136":{"start":{"line":137,"column":0},"end":{"line":137,"column":39}},"137":{"start":{"line":138,"column":0},"end":{"line":138,"column":43}},"138":{"start":{"line":139,"column":0},"end":{"line":139,"column":3}},"139":{"start":{"line":140,"column":0},"end":{"line":140,"column":16}},"140":{"start":{"line":141,"column":0},"end":{"line":141,"column":1}}},"s":{"0":1,"1":1,"2":1,"3":1,"4":1,"5":1,"6":5,"7":3,"8":5,"9":6,"10":6,"11":3,"12":3,"13":1,"14":1,"15":1,"16":1,"17":1,"18":4,"19":8,"20":4,"21":4,"22":1,"23":1,"24":1,"25":1,"26":1,"27":4,"28":4,"29":1,"30":1,"31":1,"32":1,"33":1,"34":7,"35":7,"36":21,"37":21,"38":21,"39":7,"40":7,"41":1,"42":1,"43":1,"44":1,"45":1,"46":4,"47":4,"48":4,"49":1,"50":1,"51":1,"52":1,"53":1,"54":4,"55":4,"56":4,"57":1,"58":1,"59":1,"60":1,"61":1,"62":4,"63":3,"64":3,"65":3,"66":1,"67":1,"68":1,"69":1,"70":1,"71":4,"72":3,"73":3,"74":1,"75":1,"76":1,"77":1,"78":1,"79":4,"80":3,"81":3,"82":1,"83":1,"84":1,"85":1,"86":1,"87":4,"88":3,"89":4,"90":8,"91":8,"92":3,"93":3,"94":1,"95":1,"96":1,"97":1,"98":1,"99":4,"100":3,"101":4,"102":8,"103":8,"104":3,"105":3,"106":1,"107":1,"108":1,"109":1,"110":1,"111":6,"112":6,"113":1,"114":1,"115":1,"116":1,"117":1,"118":3,"119":2,"120":2,"121":1,"122":1,"123":1,"124":1,"125":1,"126":3,"127":3,"128":1,"129":1,"130":1,"131":1,"132":1,"133":5,"134":4,"135":4,"136":5,"137":8,"138":8,"139":8,"140":8},"branchMap":{"0":{"type":"branch","line":6,"loc":{"start":{"line":6,"column":7},"end":{"line":13,"column":1}},"locations":[{"start":{"line":6,"column":7},"end":{"line":13,"column":1}}]},"1":{"type":"branch","line":7,"loc":{"start":{"line":7,"column":11},"end":{"line":7,"column":32}},"locations":[{"start":{"line":7,"column":11},"end":{"line":7,"column":32}}]},"2":{"type":"branch","line":7,"loc":{"start":{"line":7,"column":32},"end":{"line":7,"column":42}},"locations":[{"start":{"line":7,"column":32},"end":{"line":7,"column":42}}]},"3":{"type":"branch","line":7,"loc":{"start":{"line":7,"column":40},"end":{"line":9,"column":45}},"locations":[{"start":{"line":7,"column":40},"end":{"line":9,"column":45}}]},"4":{"type":"branch","line":9,"loc":{"start":{"line":9,"column":45},"end":{"line":11,"column":3}},"locations":[{"start":{"line":9,"column":45},"end":{"line":11,"column":3}}]},"5":{"type":"branch","line":11,"loc":{"start":{"line":11,"column":2},"end":{"line":13,"column":1}},"locations":[{"start":{"line":11,"column":2},"end":{"line":13,"column":1}}]},"6":{"type":"branch","line":18,"loc":{"start":{"line":18,"column":7},"end":{"line":22,"column":1}},"locations":[{"start":{"line":18,"column":7},"end":{"line":22,"column":1}}]},"7":{"type":"branch","line":19,"loc":{"start":{"line":19,"column":25},"end":{"line":21,"column":5}},"locations":[{"start":{"line":19,"column":25},"end":{"line":21,"column":5}}]},"8":{"type":"branch","line":20,"loc":{"start":{"line":20,"column":39},"end":{"line":20,"column":49}},"locations":[{"start":{"line":20,"column":39},"end":{"line":20,"column":49}}]},"9":{"type":"branch","line":20,"loc":{"start":{"line":20,"column":43},"end":{"line":20,"column":54}},"locations":[{"start":{"line":20,"column":43},"end":{"line":20,"column":54}}]},"10":{"type":"branch","line":27,"loc":{"start":{"line":27,"column":7},"end":{"line":29,"column":1}},"locations":[{"start":{"line":27,"column":7},"end":{"line":29,"column":1}}]},"11":{"type":"branch","line":34,"loc":{"start":{"line":34,"column":7},"end":{"line":41,"column":1}},"locations":[{"start":{"line":34,"column":7},"end":{"line":41,"column":1}}]},"12":{"type":"branch","line":36,"loc":{"start":{"line":36,"column":46},"end":{"line":39,"column":3}},"locations":[{"start":{"line":36,"column":46},"end":{"line":39,"column":3}}]},"13":{"type":"branch","line":46,"loc":{"start":{"line":46,"column":7},"end":{"line":49,"column":1}},"locations":[{"start":{"line":46,"column":7},"end":{"line":49,"column":1}}]},"14":{"type":"branch","line":48,"loc":{"start":{"line":48,"column":21},"end":{"line":48,"column":43}},"locations":[{"start":{"line":48,"column":21},"end":{"line":48,"column":43}}]},"15":{"type":"branch","line":54,"loc":{"start":{"line":54,"column":7},"end":{"line":57,"column":1}},"locations":[{"start":{"line":54,"column":7},"end":{"line":57,"column":1}}]},"16":{"type":"branch","line":56,"loc":{"start":{"line":56,"column":21},"end":{"line":56,"column":44}},"locations":[{"start":{"line":56,"column":21},"end":{"line":56,"column":44}}]},"17":{"type":"branch","line":62,"loc":{"start":{"line":62,"column":7},"end":{"line":66,"column":1}},"locations":[{"start":{"line":62,"column":7},"end":{"line":66,"column":1}}]},"18":{"type":"branch","line":63,"loc":{"start":{"line":63,"column":19},"end":{"line":63,"column":29}},"locations":[{"start":{"line":63,"column":19},"end":{"line":63,"column":29}}]},"19":{"type":"branch","line":63,"loc":{"start":{"line":63,"column":27},"end":{"line":66,"column":1}},"locations":[{"start":{"line":63,"column":27},"end":{"line":66,"column":1}}]},"20":{"type":"branch","line":71,"loc":{"start":{"line":71,"column":7},"end":{"line":74,"column":1}},"locations":[{"start":{"line":71,"column":7},"end":{"line":74,"column":1}}]},"21":{"type":"branch","line":72,"loc":{"start":{"line":72,"column":14},"end":{"line":72,"column":24}},"locations":[{"start":{"line":72,"column":14},"end":{"line":72,"column":24}}]},"22":{"type":"branch","line":72,"loc":{"start":{"line":72,"column":22},"end":{"line":74,"column":1}},"locations":[{"start":{"line":72,"column":22},"end":{"line":74,"column":1}}]},"23":{"type":"branch","line":79,"loc":{"start":{"line":79,"column":7},"end":{"line":82,"column":1}},"locations":[{"start":{"line":79,"column":7},"end":{"line":82,"column":1}}]},"24":{"type":"branch","line":80,"loc":{"start":{"line":80,"column":14},"end":{"line":80,"column":24}},"locations":[{"start":{"line":80,"column":14},"end":{"line":80,"column":24}}]},"25":{"type":"branch","line":80,"loc":{"start":{"line":80,"column":22},"end":{"line":82,"column":1}},"locations":[{"start":{"line":80,"column":22},"end":{"line":82,"column":1}}]},"26":{"type":"branch","line":87,"loc":{"start":{"line":87,"column":7},"end":{"line":94,"column":1}},"locations":[{"start":{"line":87,"column":7},"end":{"line":94,"column":1}}]},"27":{"type":"branch","line":88,"loc":{"start":{"line":88,"column":19},"end":{"line":88,"column":29}},"locations":[{"start":{"line":88,"column":19},"end":{"line":88,"column":29}}]},"28":{"type":"branch","line":88,"loc":{"start":{"line":88,"column":26},"end":{"line":90,"column":39}},"locations":[{"start":{"line":88,"column":26},"end":{"line":90,"column":39}}]},"29":{"type":"branch","line":90,"loc":{"start":{"line":90,"column":39},"end":{"line":92,"column":3}},"locations":[{"start":{"line":90,"column":39},"end":{"line":92,"column":3}}]},"30":{"type":"branch","line":91,"loc":{"start":{"line":91,"column":30},"end":{"line":91,"column":41}},"locations":[{"start":{"line":91,"column":30},"end":{"line":91,"column":41}}]},"31":{"type":"branch","line":92,"loc":{"start":{"line":92,"column":2},"end":{"line":94,"column":1}},"locations":[{"start":{"line":92,"column":2},"end":{"line":94,"column":1}}]},"32":{"type":"branch","line":99,"loc":{"start":{"line":99,"column":7},"end":{"line":106,"column":1}},"locations":[{"start":{"line":99,"column":7},"end":{"line":106,"column":1}}]},"33":{"type":"branch","line":100,"loc":{"start":{"line":100,"column":19},"end":{"line":100,"column":29}},"locations":[{"start":{"line":100,"column":19},"end":{"line":100,"column":29}}]},"34":{"type":"branch","line":100,"loc":{"start":{"line":100,"column":26},"end":{"line":102,"column":39}},"locations":[{"start":{"line":100,"column":26},"end":{"line":102,"column":39}}]},"35":{"type":"branch","line":102,"loc":{"start":{"line":102,"column":39},"end":{"line":104,"column":3}},"locations":[{"start":{"line":102,"column":39},"end":{"line":104,"column":3}}]},"36":{"type":"branch","line":103,"loc":{"start":{"line":103,"column":30},"end":{"line":103,"column":41}},"locations":[{"start":{"line":103,"column":30},"end":{"line":103,"column":41}}]},"37":{"type":"branch","line":104,"loc":{"start":{"line":104,"column":2},"end":{"line":106,"column":1}},"locations":[{"start":{"line":104,"column":2},"end":{"line":106,"column":1}}]},"38":{"type":"branch","line":111,"loc":{"start":{"line":111,"column":7},"end":{"line":113,"column":1}},"locations":[{"start":{"line":111,"column":7},"end":{"line":113,"column":1}}]},"39":{"type":"branch","line":112,"loc":{"start":{"line":112,"column":20},"end":{"line":112,"column":45}},"locations":[{"start":{"line":112,"column":20},"end":{"line":112,"column":45}}]},"40":{"type":"branch","line":118,"loc":{"start":{"line":118,"column":7},"end":{"line":121,"column":1}},"locations":[{"start":{"line":118,"column":7},"end":{"line":121,"column":1}}]},"41":{"type":"branch","line":119,"loc":{"start":{"line":119,"column":19},"end":{"line":119,"column":28}},"locations":[{"start":{"line":119,"column":19},"end":{"line":119,"column":28}}]},"42":{"type":"branch","line":119,"loc":{"start":{"line":119,"column":26},"end":{"line":121,"column":1}},"locations":[{"start":{"line":119,"column":26},"end":{"line":121,"column":1}}]},"43":{"type":"branch","line":126,"loc":{"start":{"line":126,"column":7},"end":{"line":128,"column":1}},"locations":[{"start":{"line":126,"column":7},"end":{"line":128,"column":1}}]},"44":{"type":"branch","line":133,"loc":{"start":{"line":133,"column":7},"end":{"line":141,"column":1}},"locations":[{"start":{"line":133,"column":7},"end":{"line":141,"column":1}}]},"45":{"type":"branch","line":134,"loc":{"start":{"line":134,"column":22},"end":{"line":134,"column":32}},"locations":[{"start":{"line":134,"column":22},"end":{"line":134,"column":32}}]},"46":{"type":"branch","line":134,"loc":{"start":{"line":134,"column":30},"end":{"line":137,"column":38}},"locations":[{"start":{"line":134,"column":30},"end":{"line":137,"column":38}}]},"47":{"type":"branch","line":137,"loc":{"start":{"line":137,"column":38},"end":{"line":141,"column":1}},"locations":[{"start":{"line":137,"column":38},"end":{"line":141,"column":1}}]},"48":{"type":"branch","line":135,"loc":{"start":{"line":135,"column":43},"end":{"line":135,"column":60}},"locations":[{"start":{"line":135,"column":43},"end":{"line":135,"column":60}}]},"49":{"type":"branch","line":138,"loc":{"start":{"line":138,"column":27},"end":{"line":138,"column":40}},"locations":[{"start":{"line":138,"column":27},"end":{"line":138,"column":40}}]}},"b":{"0":[5],"1":[4],"2":[2],"3":[3],"4":[6],"5":[3],"6":[4],"7":[8],"8":[3],"9":[5],"10":[4],"11":[7],"12":[21],"13":[4],"14":[8],"15":[4],"16":[7],"17":[4],"18":[1],"19":[3],"20":[4],"21":[1],"22":[3],"23":[4],"24":[1],"25":[3],"26":[4],"27":[1],"28":[3],"29":[8],"30":[3],"31":[3],"32":[4],"33":[1],"34":[3],"35":[8],"36":[3],"37":[3],"38":[6],"39":[14],"40":[3],"41":[1],"42":[2],"43":[3],"44":[5],"45":[1],"46":[4],"47":[8],"48":[8],"49":[15]},"fnMap":{"0":{"name":"chunk","decl":{"start":{"line":6,"column":7},"end":{"line":13,"column":1}},"loc":{"start":{"line":6,"column":7},"end":{"line":13,"column":1}},"line":6},"1":{"name":"flatten","decl":{"start":{"line":18,"column":7},"end":{"line":22,"column":1}},"loc":{"start":{"line":18,"column":7},"end":{"line":22,"column":1}},"line":18},"2":{"name":"unique","decl":{"start":{"line":27,"column":7},"end":{"line":29,"column":1}},"loc":{"start":{"line":27,"column":7},"end":{"line":29,"column":1}},"line":27},"3":{"name":"shuffle","decl":{"start":{"line":34,"column":7},"end":{"line":41,"column":1}},"loc":{"start":{"line":34,"column":7},"end":{"line":41,"column":1}},"line":34},"4":{"name":"intersection","decl":{"start":{"line":46,"column":7},"end":{"line":49,"column":1}},"loc":{"start":{"line":46,"column":7},"end":{"line":49,"column":1}},"line":46},"5":{"name":"difference","decl":{"start":{"line":54,"column":7},"end":{"line":57,"column":1}},"loc":{"start":{"line":54,"column":7},"end":{"line":57,"column":1}},"line":54},"6":{"name":"sample","decl":{"start":{"line":62,"column":7},"end":{"line":66,"column":1}},"loc":{"start":{"line":62,"column":7},"end":{"line":66,"column":1}},"line":62},"7":{"name":"takeLast","decl":{"start":{"line":71,"column":7},"end":{"line":74,"column":1}},"loc":{"start":{"line":71,"column":7},"end":{"line":74,"column":1}},"line":71},"8":{"name":"takeFirst","decl":{"start":{"line":79,"column":7},"end":{"line":82,"column":1}},"loc":{"start":{"line":79,"column":7},"end":{"line":82,"column":1}},"line":79},"9":{"name":"maxIndex","decl":{"start":{"line":87,"column":7},"end":{"line":94,"column":1}},"loc":{"start":{"line":87,"column":7},"end":{"line":94,"column":1}},"line":87},"10":{"name":"minIndex","decl":{"start":{"line":99,"column":7},"end":{"line":106,"column":1}},"loc":{"start":{"line":99,"column":7},"end":{"line":106,"column":1}},"line":99},"11":{"name":"sum","decl":{"start":{"line":111,"column":7},"end":{"line":113,"column":1}},"loc":{"start":{"line":111,"column":7},"end":{"line":113,"column":1}},"line":111},"12":{"name":"average","decl":{"start":{"line":118,"column":7},"end":{"line":121,"column":1}},"loc":{"start":{"line":118,"column":7},"end":{"line":121,"column":1}},"line":118},"13":{"name":"compact","decl":{"start":{"line":126,"column":7},"end":{"line":128,"column":1}},"loc":{"start":{"line":126,"column":7},"end":{"line":128,"column":1}},"line":126},"14":{"name":"zip","decl":{"start":{"line":133,"column":7},"end":{"line":141,"column":1}},"loc":{"start":{"line":133,"column":7},"end":{"line":141,"column":1}},"line":133}},"f":{"0":5,"1":4,"2":4,"3":7,"4":4,"5":4,"6":4,"7":4,"8":4,"9":4,"10":4,"11":6,"12":3,"13":3,"14":5}}
,"/Users/poorva/Documents/ws-sites-for-git/bowring-and-lady-cur-2kgs-3-24-hth/lib/blogUtils.ts": {"path":"/Users/poorva/Documents/ws-sites-for-git/bowring-and-lady-cur-2kgs-3-24-hth/lib/blogUtils.ts","all":false,"statementMap":{"0":{"start":{"line":1,"column":0},"end":{"line":1,"column":19}},"1":{"start":{"line":2,"column":0},"end":{"line":2,"column":37}},"2":{"start":{"line":3,"column":0},"end":{"line":3,"column":68}},"3":{"start":{"line":4,"column":0},"end":{"line":4,"column":0}},"4":{"start":{"line":5,"column":0},"end":{"line":5,"column":3}},"5":{"start":{"line":6,"column":0},"end":{"line":6,"column":26}},"6":{"start":{"line":7,"column":0},"end":{"line":7,"column":3}},"7":{"start":{"line":8,"column":0},"end":{"line":8,"column":56}},"8":{"start":{"line":9,"column":0},"end":{"line":9,"column":36}},"9":{"start":{"line":10,"column":0},"end":{"line":10,"column":43}},"10":{"start":{"line":11,"column":0},"end":{"line":11,"column":20}},"11":{"start":{"line":12,"column":0},"end":{"line":12,"column":18}},"12":{"start":{"line":13,"column":0},"end":{"line":13,"column":18}},"13":{"start":{"line":14,"column":0},"end":{"line":14,"column":5}},"14":{"start":{"line":15,"column":0},"end":{"line":15,"column":1}},"15":{"start":{"line":16,"column":0},"end":{"line":16,"column":0}},"16":{"start":{"line":17,"column":0},"end":{"line":17,"column":3}},"17":{"start":{"line":18,"column":0},"end":{"line":18,"column":48}},"18":{"start":{"line":19,"column":0},"end":{"line":19,"column":3}},"19":{"start":{"line":20,"column":0},"end":{"line":20,"column":83}},"20":{"start":{"line":21,"column":0},"end":{"line":21,"column":67}},"21":{"start":{"line":22,"column":0},"end":{"line":22,"column":44}},"22":{"start":{"line":23,"column":0},"end":{"line":23,"column":69}},"23":{"start":{"line":24,"column":0},"end":{"line":24,"column":1}},"24":{"start":{"line":25,"column":0},"end":{"line":25,"column":0}},"25":{"start":{"line":26,"column":0},"end":{"line":26,"column":3}},"26":{"start":{"line":27,"column":0},"end":{"line":27,"column":34}},"27":{"start":{"line":28,"column":0},"end":{"line":28,"column":3}},"28":{"start":{"line":29,"column":0},"end":{"line":29,"column":57}},"29":{"start":{"line":30,"column":0},"end":{"line":30,"column":14}},"30":{"start":{"line":31,"column":0},"end":{"line":31,"column":18}},"31":{"start":{"line":32,"column":0},"end":{"line":32,"column":62}},"32":{"start":{"line":33,"column":0},"end":{"line":33,"column":56}},"33":{"start":{"line":34,"column":0},"end":{"line":34,"column":71}},"34":{"start":{"line":35,"column":0},"end":{"line":35,"column":12}},"35":{"start":{"line":36,"column":0},"end":{"line":36,"column":1}},"36":{"start":{"line":37,"column":0},"end":{"line":37,"column":0}},"37":{"start":{"line":38,"column":0},"end":{"line":38,"column":3}},"38":{"start":{"line":39,"column":0},"end":{"line":39,"column":52}},"39":{"start":{"line":40,"column":0},"end":{"line":40,"column":56}},"40":{"start":{"line":41,"column":0},"end":{"line":41,"column":3}},"41":{"start":{"line":42,"column":0},"end":{"line":42,"column":94}},"42":{"start":{"line":43,"column":0},"end":{"line":43,"column":58}},"43":{"start":{"line":44,"column":0},"end":{"line":44,"column":0}},"44":{"start":{"line":45,"column":0},"end":{"line":45,"column":37}},"45":{"start":{"line":46,"column":0},"end":{"line":46,"column":47}},"46":{"start":{"line":47,"column":0},"end":{"line":47,"column":73}},"47":{"start":{"line":48,"column":0},"end":{"line":48,"column":33}},"48":{"start":{"line":49,"column":0},"end":{"line":49,"column":0}},"49":{"start":{"line":50,"column":0},"end":{"line":50,"column":50}},"50":{"start":{"line":51,"column":0},"end":{"line":51,"column":58}},"51":{"start":{"line":52,"column":0},"end":{"line":52,"column":0}},"52":{"start":{"line":53,"column":0},"end":{"line":53,"column":10}},"53":{"start":{"line":54,"column":0},"end":{"line":54,"column":12}},"54":{"start":{"line":55,"column":0},"end":{"line":55,"column":62}},"55":{"start":{"line":56,"column":0},"end":{"line":56,"column":4}},"56":{"start":{"line":57,"column":0},"end":{"line":57,"column":1}},"57":{"start":{"line":58,"column":0},"end":{"line":58,"column":0}},"58":{"start":{"line":59,"column":0},"end":{"line":59,"column":3}},"59":{"start":{"line":60,"column":0},"end":{"line":60,"column":52}},"60":{"start":{"line":61,"column":0},"end":{"line":61,"column":3}},"61":{"start":{"line":62,"column":0},"end":{"line":62,"column":86}},"62":{"start":{"line":63,"column":0},"end":{"line":63,"column":32}},"63":{"start":{"line":64,"column":0},"end":{"line":64,"column":0}},"64":{"start":{"line":65,"column":0},"end":{"line":65,"column":40}},"65":{"start":{"line":66,"column":0},"end":{"line":66,"column":25}},"66":{"start":{"line":67,"column":0},"end":{"line":67,"column":54}},"67":{"start":{"line":68,"column":0},"end":{"line":68,"column":63}},"68":{"start":{"line":69,"column":0},"end":{"line":69,"column":0}},"69":{"start":{"line":70,"column":0},"end":{"line":70,"column":52}},"70":{"start":{"line":71,"column":0},"end":{"line":71,"column":1}},"71":{"start":{"line":72,"column":0},"end":{"line":72,"column":0}},"72":{"start":{"line":73,"column":0},"end":{"line":73,"column":3}},"73":{"start":{"line":74,"column":0},"end":{"line":74,"column":37}},"74":{"start":{"line":75,"column":0},"end":{"line":75,"column":3}},"75":{"start":{"line":76,"column":0},"end":{"line":76,"column":60}},"76":{"start":{"line":77,"column":0},"end":{"line":77,"column":26}},"77":{"start":{"line":78,"column":0},"end":{"line":78,"column":51}},"78":{"start":{"line":79,"column":0},"end":{"line":79,"column":76}},"79":{"start":{"line":80,"column":0},"end":{"line":80,"column":1}},"80":{"start":{"line":81,"column":0},"end":{"line":81,"column":0}},"81":{"start":{"line":82,"column":0},"end":{"line":82,"column":3}},"82":{"start":{"line":83,"column":0},"end":{"line":83,"column":41}},"83":{"start":{"line":84,"column":0},"end":{"line":84,"column":3}},"84":{"start":{"line":85,"column":0},"end":{"line":85,"column":55}},"85":{"start":{"line":86,"column":0},"end":{"line":86,"column":25}},"86":{"start":{"line":87,"column":0},"end":{"line":87,"column":47}},"87":{"start":{"line":88,"column":0},"end":{"line":88,"column":73}},"88":{"start":{"line":89,"column":0},"end":{"line":89,"column":1}},"89":{"start":{"line":90,"column":0},"end":{"line":90,"column":0}},"90":{"start":{"line":91,"column":0},"end":{"line":91,"column":3}},"91":{"start":{"line":92,"column":0},"end":{"line":92,"column":48}},"92":{"start":{"line":93,"column":0},"end":{"line":93,"column":3}},"93":{"start":{"line":94,"column":0},"end":{"line":94,"column":61}},"94":{"start":{"line":95,"column":0},"end":{"line":95,"column":29}},"95":{"start":{"line":96,"column":0},"end":{"line":96,"column":0}},"96":{"start":{"line":97,"column":0},"end":{"line":97,"column":36}},"97":{"start":{"line":98,"column":0},"end":{"line":98,"column":25}},"98":{"start":{"line":99,"column":0},"end":{"line":99,"column":48}},"99":{"start":{"line":100,"column":0},"end":{"line":100,"column":45}},"100":{"start":{"line":101,"column":0},"end":{"line":101,"column":45}},"101":{"start":{"line":102,"column":0},"end":{"line":102,"column":46}},"102":{"start":{"line":103,"column":0},"end":{"line":103,"column":46}},"103":{"start":{"line":104,"column":0},"end":{"line":104,"column":45}},"104":{"start":{"line":105,"column":0},"end":{"line":105,"column":47}},"105":{"start":{"line":106,"column":0},"end":{"line":106,"column":47}},"106":{"start":{"line":107,"column":0},"end":{"line":107,"column":0}},"107":{"start":{"line":108,"column":0},"end":{"line":108,"column":79}},"108":{"start":{"line":109,"column":0},"end":{"line":109,"column":83}},"109":{"start":{"line":110,"column":0},"end":{"line":110,"column":79}},"110":{"start":{"line":111,"column":0},"end":{"line":111,"column":75}},"111":{"start":{"line":112,"column":0},"end":{"line":112,"column":79}},"112":{"start":{"line":113,"column":0},"end":{"line":113,"column":78}},"113":{"start":{"line":114,"column":0},"end":{"line":114,"column":20}},"114":{"start":{"line":115,"column":0},"end":{"line":115,"column":1}}},"s":{"0":1,"1":1,"2":1,"3":1,"4":1,"5":1,"6":1,"7":1,"8":4,"9":4,"10":4,"11":4,"12":4,"13":4,"14":4,"15":1,"16":1,"17":1,"18":1,"19":1,"20":4,"21":4,"22":2,"23":2,"24":1,"25":1,"26":1,"27":1,"28":1,"29":7,"30":7,"31":7,"32":7,"33":7,"34":7,"35":7,"36":1,"37":1,"38":1,"39":1,"40":1,"41":1,"42":6,"43":5,"44":5,"45":5,"46":5,"47":5,"48":5,"49":5,"50":5,"51":5,"52":5,"53":5,"54":6,"55":6,"56":6,"57":1,"58":1,"59":1,"60":1,"61":1,"62":5,"63":4,"64":4,"65":4,"66":4,"67":4,"68":4,"69":5,"70":5,"71":1,"72":1,"73":1,"74":1,"75":1,"76":4,"77":3,"78":4,"79":4,"80":1,"81":1,"82":1,"83":1,"84":1,"85":4,"86":3,"87":3,"88":3,"89":1,"90":1,"91":1,"92":1,"93":1,"94":4,"95":3,"96":3,"97":3,"98":3,"99":3,"100":3,"101":3,"102":3,"103":3,"104":3,"105":3,"106":3,"107":4,"108":4,"109":4,"110":4,"111":4,"112":4,"113":1,"114":1},"branchMap":{"0":{"type":"branch","line":8,"loc":{"start":{"line":8,"column":7},"end":{"line":15,"column":1}},"locations":[{"start":{"line":8,"column":7},"end":{"line":15,"column":1}}]},"1":{"type":"branch","line":20,"loc":{"start":{"line":20,"column":7},"end":{"line":24,"column":1}},"locations":[{"start":{"line":20,"column":7},"end":{"line":24,"column":1}}]},"2":{"type":"branch","line":22,"loc":{"start":{"line":22,"column":32},"end":{"line":24,"column":1}},"locations":[{"start":{"line":22,"column":32},"end":{"line":24,"column":1}}]},"3":{"type":"branch","line":29,"loc":{"start":{"line":29,"column":7},"end":{"line":36,"column":1}},"locations":[{"start":{"line":29,"column":7},"end":{"line":36,"column":1}}]},"4":{"type":"branch","line":42,"loc":{"start":{"line":42,"column":7},"end":{"line":57,"column":1}},"locations":[{"start":{"line":42,"column":7},"end":{"line":57,"column":1}}]},"5":{"type":"branch","line":43,"loc":{"start":{"line":43,"column":16},"end":{"line":43,"column":58}},"locations":[{"start":{"line":43,"column":16},"end":{"line":43,"column":58}}]},"6":{"type":"branch","line":43,"loc":{"start":{"line":43,"column":56},"end":{"line":55,"column":26}},"locations":[{"start":{"line":43,"column":56},"end":{"line":55,"column":26}}]},"7":{"type":"branch","line":55,"loc":{"start":{"line":55,"column":22},"end":{"line":55,"column":41}},"locations":[{"start":{"line":55,"column":22},"end":{"line":55,"column":41}}]},"8":{"type":"branch","line":55,"loc":{"start":{"line":55,"column":26},"end":{"line":55,"column":62}},"locations":[{"start":{"line":55,"column":26},"end":{"line":55,"column":62}}]},"9":{"type":"branch","line":47,"loc":{"start":{"line":47,"column":48},"end":{"line":47,"column":71}},"locations":[{"start":{"line":47,"column":48},"end":{"line":47,"column":71}}]},"10":{"type":"branch","line":62,"loc":{"start":{"line":62,"column":7},"end":{"line":71,"column":1}},"locations":[{"start":{"line":62,"column":7},"end":{"line":71,"column":1}}]},"11":{"type":"branch","line":63,"loc":{"start":{"line":63,"column":19},"end":{"line":63,"column":32}},"locations":[{"start":{"line":63,"column":19},"end":{"line":63,"column":32}}]},"12":{"type":"branch","line":63,"loc":{"start":{"line":63,"column":26},"end":{"line":70,"column":38}},"locations":[{"start":{"line":63,"column":26},"end":{"line":70,"column":38}}]},"13":{"type":"branch","line":70,"loc":{"start":{"line":70,"column":21},"end":{"line":70,"column":52}},"locations":[{"start":{"line":70,"column":21},"end":{"line":70,"column":52}}]},"14":{"type":"branch","line":76,"loc":{"start":{"line":76,"column":7},"end":{"line":80,"column":1}},"locations":[{"start":{"line":76,"column":7},"end":{"line":80,"column":1}}]},"15":{"type":"branch","line":77,"loc":{"start":{"line":77,"column":16},"end":{"line":77,"column":26}},"locations":[{"start":{"line":77,"column":16},"end":{"line":77,"column":26}}]},"16":{"type":"branch","line":77,"loc":{"start":{"line":77,"column":24},"end":{"line":79,"column":73}},"locations":[{"start":{"line":77,"column":24},"end":{"line":79,"column":73}}]},"17":{"type":"branch","line":79,"loc":{"start":{"line":79,"column":69},"end":{"line":79,"column":76}},"locations":[{"start":{"line":79,"column":69},"end":{"line":79,"column":76}}]},"18":{"type":"branch","line":79,"loc":{"start":{"line":79,"column":43},"end":{"line":79,"column":67}},"locations":[{"start":{"line":79,"column":43},"end":{"line":79,"column":67}}]},"19":{"type":"branch","line":85,"loc":{"start":{"line":85,"column":7},"end":{"line":89,"column":1}},"locations":[{"start":{"line":85,"column":7},"end":{"line":89,"column":1}}]},"20":{"type":"branch","line":86,"loc":{"start":{"line":86,"column":16},"end":{"line":86,"column":25}},"locations":[{"start":{"line":86,"column":16},"end":{"line":86,"column":25}}]},"21":{"type":"branch","line":86,"loc":{"start":{"line":86,"column":23},"end":{"line":89,"column":1}},"locations":[{"start":{"line":86,"column":23},"end":{"line":89,"column":1}}]},"22":{"type":"branch","line":88,"loc":{"start":{"line":88,"column":41},"end":{"line":88,"column":64}},"locations":[{"start":{"line":88,"column":41},"end":{"line":88,"column":64}}]},"23":{"type":"branch","line":94,"loc":{"start":{"line":94,"column":7},"end":{"line":115,"column":1}},"locations":[{"start":{"line":94,"column":7},"end":{"line":115,"column":1}}]},"24":{"type":"branch","line":95,"loc":{"start":{"line":95,"column":19},"end":{"line":95,"column":29}},"locations":[{"start":{"line":95,"column":19},"end":{"line":95,"column":29}}]},"25":{"type":"branch","line":95,"loc":{"start":{"line":95,"column":26},"end":{"line":108,"column":28}},"locations":[{"start":{"line":95,"column":26},"end":{"line":108,"column":28}}]},"26":{"type":"branch","line":108,"loc":{"start":{"line":108,"column":21},"end":{"line":108,"column":79}},"locations":[{"start":{"line":108,"column":21},"end":{"line":108,"column":79}}]},"27":{"type":"branch","line":108,"loc":{"start":{"line":108,"column":72},"end":{"line":109,"column":29}},"locations":[{"start":{"line":108,"column":72},"end":{"line":109,"column":29}}]},"28":{"type":"branch","line":109,"loc":{"start":{"line":109,"column":22},"end":{"line":109,"column":83}},"locations":[{"start":{"line":109,"column":22},"end":{"line":109,"column":83}}]},"29":{"type":"branch","line":109,"loc":{"start":{"line":109,"column":76},"end":{"line":110,"column":28}},"locations":[{"start":{"line":109,"column":76},"end":{"line":110,"column":28}}]},"30":{"type":"branch","line":110,"loc":{"start":{"line":110,"column":21},"end":{"line":110,"column":79}},"locations":[{"start":{"line":110,"column":21},"end":{"line":110,"column":79}}]},"31":{"type":"branch","line":110,"loc":{"start":{"line":110,"column":72},"end":{"line":111,"column":27}},"locations":[{"start":{"line":110,"column":72},"end":{"line":111,"column":27}}]},"32":{"type":"branch","line":111,"loc":{"start":{"line":111,"column":20},"end":{"line":111,"column":75}},"locations":[{"start":{"line":111,"column":20},"end":{"line":111,"column":75}}]},"33":{"type":"branch","line":111,"loc":{"start":{"line":111,"column":56},"end":{"line":111,"column":66}},"locations":[{"start":{"line":111,"column":56},"end":{"line":111,"column":66}}]},"34":{"type":"branch","line":111,"loc":{"start":{"line":111,"column":60},"end":{"line":111,"column":68}},"locations":[{"start":{"line":111,"column":60},"end":{"line":111,"column":68}}]},"35":{"type":"branch","line":111,"loc":{"start":{"line":111,"column":68},"end":{"line":112,"column":28}},"locations":[{"start":{"line":111,"column":68},"end":{"line":112,"column":28}}]},"36":{"type":"branch","line":112,"loc":{"start":{"line":112,"column":21},"end":{"line":112,"column":79}},"locations":[{"start":{"line":112,"column":21},"end":{"line":112,"column":79}}]},"37":{"type":"branch","line":112,"loc":{"start":{"line":112,"column":72},"end":{"line":113,"column":27}},"locations":[{"start":{"line":112,"column":72},"end":{"line":113,"column":27}}]},"38":{"type":"branch","line":113,"loc":{"start":{"line":113,"column":20},"end":{"line":113,"column":78}},"locations":[{"start":{"line":113,"column":20},"end":{"line":113,"column":78}}]},"39":{"type":"branch","line":113,"loc":{"start":{"line":113,"column":71},"end":{"line":115,"column":1}},"locations":[{"start":{"line":113,"column":71},"end":{"line":115,"column":1}}]}},"b":{"0":[4],"1":[4],"2":[2],"3":[7],"4":[6],"5":[1],"6":[5],"7":[3],"8":[2],"9":[860],"10":[5],"11":[1],"12":[4],"13":[3],"14":[4],"15":[1],"16":[3],"17":[0],"18":[6],"19":[4],"20":[1],"21":[3],"22":[6],"23":[4],"24":[1],"25":[3],"26":[0],"27":[3],"28":[0],"29":[3],"30":[0],"31":[3],"32":[2],"33":[1],"34":[1],"35":[1],"36":[0],"37":[1],"38":[0],"39":[1]},"fnMap":{"0":{"name":"formatDate","decl":{"start":{"line":8,"column":7},"end":{"line":15,"column":1}},"loc":{"start":{"line":8,"column":7},"end":{"line":15,"column":1}},"line":8},"1":{"name":"generateExcerpt","decl":{"start":{"line":20,"column":7},"end":{"line":24,"column":1}},"loc":{"start":{"line":20,"column":7},"end":{"line":24,"column":1}},"line":20},"2":{"name":"generateBlogSlug","decl":{"start":{"line":29,"column":7},"end":{"line":36,"column":1}},"loc":{"start":{"line":29,"column":7},"end":{"line":36,"column":1}},"line":29},"3":{"name":"calculateBlogReadingTime","decl":{"start":{"line":42,"column":7},"end":{"line":57,"column":1}},"loc":{"start":{"line":42,"column":7},"end":{"line":57,"column":1}},"line":42},"4":{"name":"isRecentPost","decl":{"start":{"line":62,"column":7},"end":{"line":71,"column":1}},"loc":{"start":{"line":62,"column":7},"end":{"line":71,"column":1}},"line":62},"5":{"name":"extractHashtags","decl":{"start":{"line":76,"column":7},"end":{"line":80,"column":1}},"loc":{"start":{"line":76,"column":7},"end":{"line":80,"column":1}},"line":76},"6":{"name":"getWordCount","decl":{"start":{"line":85,"column":7},"end":{"line":89,"column":1}},"loc":{"start":{"line":85,"column":7},"end":{"line":89,"column":1}},"line":85},"7":{"name":"getRelativeTime","decl":{"start":{"line":94,"column":7},"end":{"line":115,"column":1}},"loc":{"start":{"line":94,"column":7},"end":{"line":115,"column":1}},"line":94}},"f":{"0":4,"1":4,"2":7,"3":6,"4":5,"5":4,"6":4,"7":4}}
,"/Users/poorva/Documents/ws-sites-for-git/bowring-and-lady-cur-2kgs-3-24-hth/lib/dateUtils.ts": {"path":"/Users/poorva/Documents/ws-sites-for-git/bowring-and-lady-cur-2kgs-3-24-hth/lib/dateUtils.ts","all":false,"statementMap":{"0":{"start":{"line":1,"column":0},"end":{"line":1,"column":49}},"1":{"start":{"line":2,"column":0},"end":{"line":2,"column":0}},"2":{"start":{"line":3,"column":0},"end":{"line":3,"column":3}},"3":{"start":{"line":4,"column":0},"end":{"line":4,"column":41}},"4":{"start":{"line":5,"column":0},"end":{"line":5,"column":3}},"5":{"start":{"line":6,"column":0},"end":{"line":6,"column":62}},"6":{"start":{"line":7,"column":0},"end":{"line":7,"column":61}},"7":{"start":{"line":8,"column":0},"end":{"line":8,"column":39}},"8":{"start":{"line":9,"column":0},"end":{"line":9,"column":1}},"9":{"start":{"line":10,"column":0},"end":{"line":10,"column":0}},"10":{"start":{"line":11,"column":0},"end":{"line":11,"column":3}},"11":{"start":{"line":12,"column":0},"end":{"line":12,"column":25}},"12":{"start":{"line":13,"column":0},"end":{"line":13,"column":3}},"13":{"start":{"line":14,"column":0},"end":{"line":14,"column":55}},"14":{"start":{"line":15,"column":0},"end":{"line":15,"column":71}},"15":{"start":{"line":16,"column":0},"end":{"line":16,"column":25}},"16":{"start":{"line":17,"column":0},"end":{"line":17,"column":11}},"17":{"start":{"line":18,"column":0},"end":{"line":18,"column":1}},"18":{"start":{"line":19,"column":0},"end":{"line":19,"column":0}},"19":{"start":{"line":20,"column":0},"end":{"line":20,"column":3}},"20":{"start":{"line":21,"column":0},"end":{"line":21,"column":23}},"21":{"start":{"line":22,"column":0},"end":{"line":22,"column":3}},"22":{"start":{"line":23,"column":0},"end":{"line":23,"column":53}},"23":{"start":{"line":24,"column":0},"end":{"line":24,"column":71}},"24":{"start":{"line":25,"column":0},"end":{"line":25,"column":30}},"25":{"start":{"line":26,"column":0},"end":{"line":26,"column":11}},"26":{"start":{"line":27,"column":0},"end":{"line":27,"column":1}},"27":{"start":{"line":28,"column":0},"end":{"line":28,"column":0}},"28":{"start":{"line":29,"column":0},"end":{"line":29,"column":3}},"29":{"start":{"line":30,"column":0},"end":{"line":30,"column":21}},"30":{"start":{"line":31,"column":0},"end":{"line":31,"column":3}},"31":{"start":{"line":32,"column":0},"end":{"line":32,"column":66}},"32":{"start":{"line":33,"column":0},"end":{"line":33,"column":71}},"33":{"start":{"line":34,"column":0},"end":{"line":34,"column":32}},"34":{"start":{"line":35,"column":0},"end":{"line":35,"column":11}},"35":{"start":{"line":36,"column":0},"end":{"line":36,"column":1}},"36":{"start":{"line":37,"column":0},"end":{"line":37,"column":0}},"37":{"start":{"line":38,"column":0},"end":{"line":38,"column":3}},"38":{"start":{"line":39,"column":0},"end":{"line":39,"column":39}},"39":{"start":{"line":40,"column":0},"end":{"line":40,"column":3}},"40":{"start":{"line":41,"column":0},"end":{"line":41,"column":99}},"41":{"start":{"line":42,"column":0},"end":{"line":42,"column":61}},"42":{"start":{"line":43,"column":0},"end":{"line":43,"column":64}},"43":{"start":{"line":44,"column":0},"end":{"line":44,"column":58}},"44":{"start":{"line":45,"column":0},"end":{"line":45,"column":26}},"45":{"start":{"line":46,"column":0},"end":{"line":46,"column":1}},"46":{"start":{"line":47,"column":0},"end":{"line":47,"column":0}},"47":{"start":{"line":48,"column":0},"end":{"line":48,"column":3}},"48":{"start":{"line":49,"column":0},"end":{"line":49,"column":47}},"49":{"start":{"line":50,"column":0},"end":{"line":50,"column":3}},"50":{"start":{"line":51,"column":0},"end":{"line":51,"column":80}},"51":{"start":{"line":52,"column":0},"end":{"line":52,"column":65}},"52":{"start":{"line":53,"column":0},"end":{"line":53,"column":65}},"53":{"start":{"line":54,"column":0},"end":{"line":54,"column":57}},"54":{"start":{"line":55,"column":0},"end":{"line":55,"column":54}},"55":{"start":{"line":56,"column":0},"end":{"line":56,"column":1}},"56":{"start":{"line":57,"column":0},"end":{"line":57,"column":0}},"57":{"start":{"line":58,"column":0},"end":{"line":58,"column":3}},"58":{"start":{"line":59,"column":0},"end":{"line":59,"column":27}},"59":{"start":{"line":60,"column":0},"end":{"line":60,"column":3}},"60":{"start":{"line":61,"column":0},"end":{"line":61,"column":55}},"61":{"start":{"line":62,"column":0},"end":{"line":62,"column":61}},"62":{"start":{"line":63,"column":0},"end":{"line":63,"column":27}},"63":{"start":{"line":64,"column":0},"end":{"line":64,"column":51}},"64":{"start":{"line":65,"column":0},"end":{"line":65,"column":1}},"65":{"start":{"line":66,"column":0},"end":{"line":66,"column":0}},"66":{"start":{"line":67,"column":0},"end":{"line":67,"column":3}},"67":{"start":{"line":68,"column":0},"end":{"line":68,"column":33}},"68":{"start":{"line":69,"column":0},"end":{"line":69,"column":3}},"69":{"start":{"line":70,"column":0},"end":{"line":70,"column":54}},"70":{"start":{"line":71,"column":0},"end":{"line":71,"column":61}},"71":{"start":{"line":72,"column":0},"end":{"line":72,"column":24}},"72":{"start":{"line":73,"column":0},"end":{"line":73,"column":1}},"73":{"start":{"line":74,"column":0},"end":{"line":74,"column":0}},"74":{"start":{"line":75,"column":0},"end":{"line":75,"column":3}},"75":{"start":{"line":76,"column":0},"end":{"line":76,"column":35}},"76":{"start":{"line":77,"column":0},"end":{"line":77,"column":3}},"77":{"start":{"line":78,"column":0},"end":{"line":78,"column":56}},"78":{"start":{"line":79,"column":0},"end":{"line":79,"column":61}},"79":{"start":{"line":80,"column":0},"end":{"line":80,"column":24}},"80":{"start":{"line":81,"column":0},"end":{"line":81,"column":1}},"81":{"start":{"line":82,"column":0},"end":{"line":82,"column":0}},"82":{"start":{"line":83,"column":0},"end":{"line":83,"column":3}},"83":{"start":{"line":84,"column":0},"end":{"line":84,"column":28}},"84":{"start":{"line":85,"column":0},"end":{"line":85,"column":3}},"85":{"start":{"line":86,"column":0},"end":{"line":86,"column":94}},"86":{"start":{"line":87,"column":0},"end":{"line":87,"column":61}},"87":{"start":{"line":88,"column":0},"end":{"line":88,"column":58}},"88":{"start":{"line":89,"column":0},"end":{"line":89,"column":1}},"89":{"start":{"line":90,"column":0},"end":{"line":90,"column":0}},"90":{"start":{"line":91,"column":0},"end":{"line":91,"column":3}},"91":{"start":{"line":92,"column":0},"end":{"line":92,"column":26}},"92":{"start":{"line":93,"column":0},"end":{"line":93,"column":3}},"93":{"start":{"line":94,"column":0},"end":{"line":94,"column":94}},"94":{"start":{"line":95,"column":0},"end":{"line":95,"column":61}},"95":{"start":{"line":96,"column":0},"end":{"line":96,"column":60}},"96":{"start":{"line":97,"column":0},"end":{"line":97,"column":1}}},"s":{"0":1,"1":1,"2":1,"3":1,"4":1,"5":1,"6":2,"7":2,"8":2,"9":1,"10":1,"11":1,"12":1,"13":1,"14":2,"15":2,"16":2,"17":2,"18":1,"19":1,"20":1,"21":1,"22":1,"23":1,"24":1,"25":1,"26":1,"27":1,"28":1,"29":1,"30":1,"31":1,"32":3,"33":3,"34":3,"35":3,"36":1,"37":1,"38":1,"39":1,"40":1,"41":5,"42":5,"43":5,"44":5,"45":5,"46":1,"47":1,"48":1,"49":1,"50":1,"51":3,"52":3,"53":3,"54":3,"55":3,"56":1,"57":1,"58":1,"59":1,"60":1,"61":2,"62":2,"63":2,"64":2,"65":1,"66":1,"67":1,"68":1,"69":1,"70":2,"71":2,"72":2,"73":1,"74":1,"75":1,"76":1,"77":1,"78":2,"79":2,"80":2,"81":1,"82":1,"83":1,"84":1,"85":1,"86":3,"87":3,"88":3,"89":1,"90":1,"91":1,"92":1,"93":1,"94":2,"95":2,"96":2},"branchMap":{"0":{"type":"branch","line":6,"loc":{"start":{"line":6,"column":7},"end":{"line":9,"column":1}},"locations":[{"start":{"line":6,"column":7},"end":{"line":9,"column":1}}]},"1":{"type":"branch","line":7,"loc":{"start":{"line":7,"column":28},"end":{"line":7,"column":56}},"locations":[{"start":{"line":7,"column":28},"end":{"line":7,"column":56}}]},"2":{"type":"branch","line":7,"loc":{"start":{"line":7,"column":52},"end":{"line":7,"column":61}},"locations":[{"start":{"line":7,"column":52},"end":{"line":7,"column":61}}]},"3":{"type":"branch","line":14,"loc":{"start":{"line":14,"column":7},"end":{"line":18,"column":1}},"locations":[{"start":{"line":14,"column":7},"end":{"line":18,"column":1}}]},"4":{"type":"branch","line":15,"loc":{"start":{"line":15,"column":28},"end":{"line":15,"column":56}},"locations":[{"start":{"line":15,"column":28},"end":{"line":15,"column":56}}]},"5":{"type":"branch","line":15,"loc":{"start":{"line":15,"column":52},"end":{"line":15,"column":71}},"locations":[{"start":{"line":15,"column":52},"end":{"line":15,"column":71}}]},"6":{"type":"branch","line":23,"loc":{"start":{"line":23,"column":7},"end":{"line":27,"column":1}},"locations":[{"start":{"line":23,"column":7},"end":{"line":27,"column":1}}]},"7":{"type":"branch","line":24,"loc":{"start":{"line":24,"column":52},"end":{"line":24,"column":71}},"locations":[{"start":{"line":24,"column":52},"end":{"line":24,"column":71}}]},"8":{"type":"branch","line":32,"loc":{"start":{"line":32,"column":7},"end":{"line":36,"column":1}},"locations":[{"start":{"line":32,"column":7},"end":{"line":36,"column":1}}]},"9":{"type":"branch","line":33,"loc":{"start":{"line":33,"column":52},"end":{"line":33,"column":71}},"locations":[{"start":{"line":33,"column":52},"end":{"line":33,"column":71}}]},"10":{"type":"branch","line":41,"loc":{"start":{"line":41,"column":7},"end":{"line":46,"column":1}},"locations":[{"start":{"line":41,"column":7},"end":{"line":46,"column":1}}]},"11":{"type":"branch","line":42,"loc":{"start":{"line":42,"column":52},"end":{"line":42,"column":61}},"locations":[{"start":{"line":42,"column":52},"end":{"line":42,"column":61}}]},"12":{"type":"branch","line":43,"loc":{"start":{"line":43,"column":54},"end":{"line":43,"column":64}},"locations":[{"start":{"line":43,"column":54},"end":{"line":43,"column":64}}]},"13":{"type":"branch","line":44,"loc":{"start":{"line":44,"column":50},"end":{"line":44,"column":58}},"locations":[{"start":{"line":44,"column":50},"end":{"line":44,"column":58}}]},"14":{"type":"branch","line":45,"loc":{"start":{"line":45,"column":14},"end":{"line":45,"column":26}},"locations":[{"start":{"line":45,"column":14},"end":{"line":45,"column":26}}]},"15":{"type":"branch","line":51,"loc":{"start":{"line":51,"column":7},"end":{"line":56,"column":1}},"locations":[{"start":{"line":51,"column":7},"end":{"line":56,"column":1}}]},"16":{"type":"branch","line":52,"loc":{"start":{"line":52,"column":55},"end":{"line":52,"column":65}},"locations":[{"start":{"line":52,"column":55},"end":{"line":52,"column":65}}]},"17":{"type":"branch","line":53,"loc":{"start":{"line":53,"column":55},"end":{"line":53,"column":65}},"locations":[{"start":{"line":53,"column":55},"end":{"line":53,"column":65}}]},"18":{"type":"branch","line":61,"loc":{"start":{"line":61,"column":7},"end":{"line":65,"column":1}},"locations":[{"start":{"line":61,"column":7},"end":{"line":65,"column":1}}]},"19":{"type":"branch","line":62,"loc":{"start":{"line":62,"column":28},"end":{"line":62,"column":56}},"locations":[{"start":{"line":62,"column":28},"end":{"line":62,"column":56}}]},"20":{"type":"branch","line":70,"loc":{"start":{"line":70,"column":7},"end":{"line":73,"column":1}},"locations":[{"start":{"line":70,"column":7},"end":{"line":73,"column":1}}]},"21":{"type":"branch","line":71,"loc":{"start":{"line":71,"column":52},"end":{"line":71,"column":61}},"locations":[{"start":{"line":71,"column":52},"end":{"line":71,"column":61}}]},"22":{"type":"branch","line":78,"loc":{"start":{"line":78,"column":7},"end":{"line":81,"column":1}},"locations":[{"start":{"line":78,"column":7},"end":{"line":81,"column":1}}]},"23":{"type":"branch","line":79,"loc":{"start":{"line":79,"column":52},"end":{"line":79,"column":61}},"locations":[{"start":{"line":79,"column":52},"end":{"line":79,"column":61}}]},"24":{"type":"branch","line":86,"loc":{"start":{"line":86,"column":7},"end":{"line":89,"column":1}},"locations":[{"start":{"line":86,"column":7},"end":{"line":89,"column":1}}]},"25":{"type":"branch","line":87,"loc":{"start":{"line":87,"column":52},"end":{"line":87,"column":61}},"locations":[{"start":{"line":87,"column":52},"end":{"line":87,"column":61}}]},"26":{"type":"branch","line":94,"loc":{"start":{"line":94,"column":7},"end":{"line":97,"column":1}},"locations":[{"start":{"line":94,"column":7},"end":{"line":97,"column":1}}]},"27":{"type":"branch","line":95,"loc":{"start":{"line":95,"column":52},"end":{"line":95,"column":61}},"locations":[{"start":{"line":95,"column":52},"end":{"line":95,"column":61}}]}},"b":{"0":[2],"1":[1],"2":[1],"3":[2],"4":[1],"5":[1],"6":[1],"7":[0],"8":[3],"9":[0],"10":[5],"11":[0],"12":[0],"13":[0],"14":[4],"15":[3],"16":[0],"17":[0],"18":[2],"19":[0],"20":[2],"21":[0],"22":[2],"23":[0],"24":[3],"25":[0],"26":[2],"27":[0]},"fnMap":{"0":{"name":"toISODateString","decl":{"start":{"line":6,"column":7},"end":{"line":9,"column":1}},"loc":{"start":{"line":6,"column":7},"end":{"line":9,"column":1}},"line":6},"1":{"name":"startOfDay","decl":{"start":{"line":14,"column":7},"end":{"line":18,"column":1}},"loc":{"start":{"line":14,"column":7},"end":{"line":18,"column":1}},"line":14},"2":{"name":"endOfDay","decl":{"start":{"line":23,"column":7},"end":{"line":27,"column":1}},"loc":{"start":{"line":23,"column":7},"end":{"line":27,"column":1}},"line":23},"3":{"name":"addDays","decl":{"start":{"line":32,"column":7},"end":{"line":36,"column":1}},"loc":{"start":{"line":32,"column":7},"end":{"line":36,"column":1}},"line":32},"4":{"name":"isBetween","decl":{"start":{"line":41,"column":7},"end":{"line":46,"column":1}},"loc":{"start":{"line":41,"column":7},"end":{"line":46,"column":1}},"line":41},"5":{"name":"diffInDays","decl":{"start":{"line":51,"column":7},"end":{"line":56,"column":1}},"loc":{"start":{"line":51,"column":7},"end":{"line":56,"column":1}},"line":51},"6":{"name":"isToday","decl":{"start":{"line":61,"column":7},"end":{"line":65,"column":1}},"loc":{"start":{"line":61,"column":7},"end":{"line":65,"column":1}},"line":61},"7":{"name":"isPast","decl":{"start":{"line":70,"column":7},"end":{"line":73,"column":1}},"loc":{"start":{"line":70,"column":7},"end":{"line":73,"column":1}},"line":70},"8":{"name":"isFuture","decl":{"start":{"line":78,"column":7},"end":{"line":81,"column":1}},"loc":{"start":{"line":78,"column":7},"end":{"line":81,"column":1}},"line":78},"9":{"name":"getMonthName","decl":{"start":{"line":86,"column":7},"end":{"line":89,"column":1}},"loc":{"start":{"line":86,"column":7},"end":{"line":89,"column":1}},"line":86},"10":{"name":"getDayOfWeek","decl":{"start":{"line":94,"column":7},"end":{"line":97,"column":1}},"loc":{"start":{"line":94,"column":7},"end":{"line":97,"column":1}},"line":94}},"f":{"0":2,"1":2,"2":1,"3":3,"4":5,"5":3,"6":2,"7":2,"8":2,"9":3,"10":2}}
,"/Users/poorva/Documents/ws-sites-for-git/bowring-and-lady-cur-2kgs-3-24-hth/lib/eventUtils.ts": {"path":"/Users/poorva/Documents/ws-sites-for-git/bowring-and-lady-cur-2kgs-3-24-hth/lib/eventUtils.ts","all":false,"statementMap":{"0":{"start":{"line":1,"column":0},"end":{"line":1,"column":50}},"1":{"start":{"line":2,"column":0},"end":{"line":2,"column":71}},"2":{"start":{"line":3,"column":0},"end":{"line":3,"column":0}},"3":{"start":{"line":4,"column":0},"end":{"line":4,"column":3}},"4":{"start":{"line":5,"column":0},"end":{"line":5,"column":26}},"5":{"start":{"line":6,"column":0},"end":{"line":6,"column":3}},"6":{"start":{"line":7,"column":0},"end":{"line":7,"column":61}},"7":{"start":{"line":8,"column":0},"end":{"line":8,"column":29}},"8":{"start":{"line":9,"column":0},"end":{"line":9,"column":36}},"9":{"start":{"line":10,"column":0},"end":{"line":10,"column":43}},"10":{"start":{"line":11,"column":0},"end":{"line":11,"column":20}},"11":{"start":{"line":12,"column":0},"end":{"line":12,"column":18}},"12":{"start":{"line":13,"column":0},"end":{"line":13,"column":18}},"13":{"start":{"line":14,"column":0},"end":{"line":14,"column":5}},"14":{"start":{"line":15,"column":0},"end":{"line":15,"column":1}},"15":{"start":{"line":16,"column":0},"end":{"line":16,"column":0}},"16":{"start":{"line":17,"column":0},"end":{"line":17,"column":3}},"17":{"start":{"line":18,"column":0},"end":{"line":18,"column":26}},"18":{"start":{"line":19,"column":0},"end":{"line":19,"column":3}},"19":{"start":{"line":20,"column":0},"end":{"line":20,"column":61}},"20":{"start":{"line":21,"column":0},"end":{"line":21,"column":29}},"21":{"start":{"line":22,"column":0},"end":{"line":22,"column":0}},"22":{"start":{"line":23,"column":0},"end":{"line":23,"column":43}},"23":{"start":{"line":24,"column":0},"end":{"line":24,"column":49}},"24":{"start":{"line":25,"column":0},"end":{"line":25,"column":31}},"25":{"start":{"line":26,"column":0},"end":{"line":26,"column":40}},"26":{"start":{"line":27,"column":0},"end":{"line":27,"column":38}},"27":{"start":{"line":28,"column":0},"end":{"line":28,"column":0}},"28":{"start":{"line":29,"column":0},"end":{"line":29,"column":45}},"29":{"start":{"line":30,"column":0},"end":{"line":30,"column":1}},"30":{"start":{"line":31,"column":0},"end":{"line":31,"column":0}},"31":{"start":{"line":32,"column":0},"end":{"line":32,"column":3}},"32":{"start":{"line":33,"column":0},"end":{"line":33,"column":47}},"33":{"start":{"line":34,"column":0},"end":{"line":34,"column":3}},"34":{"start":{"line":35,"column":0},"end":{"line":35,"column":57}},"35":{"start":{"line":36,"column":0},"end":{"line":36,"column":13}},"36":{"start":{"line":37,"column":0},"end":{"line":37,"column":18}},"37":{"start":{"line":38,"column":0},"end":{"line":38,"column":62}},"38":{"start":{"line":39,"column":0},"end":{"line":39,"column":56}},"39":{"start":{"line":40,"column":0},"end":{"line":40,"column":71}},"40":{"start":{"line":41,"column":0},"end":{"line":41,"column":12}},"41":{"start":{"line":42,"column":0},"end":{"line":42,"column":1}},"42":{"start":{"line":43,"column":0},"end":{"line":43,"column":0}},"43":{"start":{"line":44,"column":0},"end":{"line":44,"column":3}},"44":{"start":{"line":45,"column":0},"end":{"line":45,"column":47}},"45":{"start":{"line":46,"column":0},"end":{"line":46,"column":41}},"46":{"start":{"line":47,"column":0},"end":{"line":47,"column":3}},"47":{"start":{"line":48,"column":0},"end":{"line":48,"column":82}},"48":{"start":{"line":49,"column":0},"end":{"line":49,"column":32}},"49":{"start":{"line":50,"column":0},"end":{"line":50,"column":0}},"50":{"start":{"line":51,"column":0},"end":{"line":51,"column":27}},"51":{"start":{"line":52,"column":0},"end":{"line":52,"column":29}},"52":{"start":{"line":53,"column":0},"end":{"line":53,"column":0}},"53":{"start":{"line":54,"column":0},"end":{"line":54,"column":36}},"54":{"start":{"line":55,"column":0},"end":{"line":55,"column":29}},"55":{"start":{"line":56,"column":0},"end":{"line":56,"column":0}},"56":{"start":{"line":57,"column":0},"end":{"line":57,"column":53}},"57":{"start":{"line":58,"column":0},"end":{"line":58,"column":63}},"58":{"start":{"line":59,"column":0},"end":{"line":59,"column":0}},"59":{"start":{"line":60,"column":0},"end":{"line":60,"column":37}},"60":{"start":{"line":61,"column":0},"end":{"line":61,"column":38}},"61":{"start":{"line":62,"column":0},"end":{"line":62,"column":16}},"62":{"start":{"line":63,"column":0},"end":{"line":63,"column":1}},"63":{"start":{"line":64,"column":0},"end":{"line":64,"column":0}},"64":{"start":{"line":65,"column":0},"end":{"line":65,"column":3}},"65":{"start":{"line":66,"column":0},"end":{"line":66,"column":44}},"66":{"start":{"line":67,"column":0},"end":{"line":67,"column":59}},"67":{"start":{"line":68,"column":0},"end":{"line":68,"column":3}},"68":{"start":{"line":69,"column":0},"end":{"line":69,"column":65}},"69":{"start":{"line":70,"column":0},"end":{"line":70,"column":28}},"70":{"start":{"line":71,"column":0},"end":{"line":71,"column":0}},"71":{"start":{"line":72,"column":0},"end":{"line":72,"column":27}},"72":{"start":{"line":73,"column":0},"end":{"line":73,"column":29}},"73":{"start":{"line":74,"column":0},"end":{"line":74,"column":0}},"74":{"start":{"line":75,"column":0},"end":{"line":75,"column":36}},"75":{"start":{"line":76,"column":0},"end":{"line":76,"column":29}},"76":{"start":{"line":77,"column":0},"end":{"line":77,"column":0}},"77":{"start":{"line":78,"column":0},"end":{"line":78,"column":53}},"78":{"start":{"line":79,"column":0},"end":{"line":79,"column":64}},"79":{"start":{"line":80,"column":0},"end":{"line":80,"column":0}},"80":{"start":{"line":81,"column":0},"end":{"line":81,"column":37}},"81":{"start":{"line":82,"column":0},"end":{"line":82,"column":40}},"82":{"start":{"line":83,"column":0},"end":{"line":83,"column":42}},"83":{"start":{"line":84,"column":0},"end":{"line":84,"column":66}},"84":{"start":{"line":85,"column":0},"end":{"line":85,"column":79}},"85":{"start":{"line":86,"column":0},"end":{"line":86,"column":0}},"86":{"start":{"line":87,"column":0},"end":{"line":87,"column":55}},"87":{"start":{"line":88,"column":0},"end":{"line":88,"column":36}},"88":{"start":{"line":89,"column":0},"end":{"line":89,"column":1}},"89":{"start":{"line":90,"column":0},"end":{"line":90,"column":0}},"90":{"start":{"line":91,"column":0},"end":{"line":91,"column":3}},"91":{"start":{"line":92,"column":0},"end":{"line":92,"column":22}},"92":{"start":{"line":93,"column":0},"end":{"line":93,"column":3}},"93":{"start":{"line":94,"column":0},"end":{"line":94,"column":165}},"94":{"start":{"line":95,"column":0},"end":{"line":95,"column":37}},"95":{"start":{"line":96,"column":0},"end":{"line":96,"column":65}},"96":{"start":{"line":97,"column":0},"end":{"line":97,"column":65}},"97":{"start":{"line":98,"column":0},"end":{"line":98,"column":59}},"98":{"start":{"line":99,"column":0},"end":{"line":99,"column":5}},"99":{"start":{"line":100,"column":0},"end":{"line":100,"column":1}}},"s":{"0":1,"1":1,"2":1,"3":1,"4":1,"5":1,"6":1,"7":6,"8":5,"9":5,"10":5,"11":5,"12":5,"13":5,"14":5,"15":1,"16":1,"17":1,"18":1,"19":1,"20":9,"21":8,"22":8,"23":8,"24":8,"25":9,"26":9,"27":9,"28":9,"29":9,"30":1,"31":1,"32":1,"33":1,"34":1,"35":6,"36":6,"37":6,"38":6,"39":6,"40":6,"41":6,"42":1,"43":1,"44":1,"45":1,"46":1,"47":1,"48":4,"49":3,"50":3,"51":3,"52":3,"53":3,"54":3,"55":3,"56":3,"57":3,"58":3,"59":4,"60":4,"61":1,"62":1,"63":1,"64":1,"65":1,"66":1,"67":1,"68":1,"69":7,"70":6,"71":6,"72":6,"73":6,"74":6,"75":6,"76":6,"77":6,"78":6,"79":6,"80":7,"81":7,"82":7,"83":7,"84":7,"85":1,"86":1,"87":1,"88":1,"89":1,"90":1,"91":1,"92":1,"93":1,"94":4,"95":11,"96":11,"97":11,"98":4,"99":4},"branchMap":{"0":{"type":"branch","line":7,"loc":{"start":{"line":7,"column":7},"end":{"line":15,"column":1}},"locations":[{"start":{"line":7,"column":7},"end":{"line":15,"column":1}}]},"1":{"type":"branch","line":8,"loc":{"start":{"line":8,"column":19},"end":{"line":8,"column":29}},"locations":[{"start":{"line":8,"column":19},"end":{"line":8,"column":29}}]},"2":{"type":"branch","line":8,"loc":{"start":{"line":8,"column":26},"end":{"line":15,"column":1}},"locations":[{"start":{"line":8,"column":26},"end":{"line":15,"column":1}}]},"3":{"type":"branch","line":20,"loc":{"start":{"line":20,"column":7},"end":{"line":30,"column":1}},"locations":[{"start":{"line":20,"column":7},"end":{"line":30,"column":1}}]},"4":{"type":"branch","line":21,"loc":{"start":{"line":21,"column":19},"end":{"line":21,"column":29}},"locations":[{"start":{"line":21,"column":19},"end":{"line":21,"column":29}}]},"5":{"type":"branch","line":21,"loc":{"start":{"line":21,"column":26},"end":{"line":26,"column":28}},"locations":[{"start":{"line":21,"column":26},"end":{"line":26,"column":28}}]},"6":{"type":"branch","line":26,"loc":{"start":{"line":26,"column":23},"end":{"line":26,"column":35}},"locations":[{"start":{"line":26,"column":23},"end":{"line":26,"column":35}}]},"7":{"type":"branch","line":26,"loc":{"start":{"line":26,"column":28},"end":{"line":26,"column":40}},"locations":[{"start":{"line":26,"column":28},"end":{"line":26,"column":40}}]},"8":{"type":"branch","line":27,"loc":{"start":{"line":27,"column":29},"end":{"line":27,"column":38}},"locations":[{"start":{"line":27,"column":29},"end":{"line":27,"column":38}}]},"9":{"type":"branch","line":35,"loc":{"start":{"line":35,"column":7},"end":{"line":42,"column":1}},"locations":[{"start":{"line":35,"column":7},"end":{"line":42,"column":1}}]},"10":{"type":"branch","line":48,"loc":{"start":{"line":48,"column":7},"end":{"line":63,"column":1}},"locations":[{"start":{"line":48,"column":7},"end":{"line":63,"column":1}}]},"11":{"type":"branch","line":49,"loc":{"start":{"line":49,"column":18},"end":{"line":49,"column":32}},"locations":[{"start":{"line":49,"column":18},"end":{"line":49,"column":32}}]},"12":{"type":"branch","line":49,"loc":{"start":{"line":49,"column":25},"end":{"line":60,"column":29}},"locations":[{"start":{"line":49,"column":25},"end":{"line":60,"column":29}}]},"13":{"type":"branch","line":60,"loc":{"start":{"line":60,"column":22},"end":{"line":60,"column":37}},"locations":[{"start":{"line":60,"column":22},"end":{"line":60,"column":37}}]},"14":{"type":"branch","line":60,"loc":{"start":{"line":60,"column":29},"end":{"line":61,"column":27}},"locations":[{"start":{"line":60,"column":29},"end":{"line":61,"column":27}}]},"15":{"type":"branch","line":61,"loc":{"start":{"line":61,"column":20},"end":{"line":63,"column":1}},"locations":[{"start":{"line":61,"column":20},"end":{"line":63,"column":1}}]},"16":{"type":"branch","line":69,"loc":{"start":{"line":69,"column":7},"end":{"line":89,"column":1}},"locations":[{"start":{"line":69,"column":7},"end":{"line":89,"column":1}}]},"17":{"type":"branch","line":70,"loc":{"start":{"line":70,"column":18},"end":{"line":70,"column":28}},"locations":[{"start":{"line":70,"column":18},"end":{"line":70,"column":28}}]},"18":{"type":"branch","line":70,"loc":{"start":{"line":70,"column":25},"end":{"line":81,"column":29}},"locations":[{"start":{"line":70,"column":25},"end":{"line":81,"column":29}}]},"19":{"type":"branch","line":81,"loc":{"start":{"line":81,"column":22},"end":{"line":81,"column":37}},"locations":[{"start":{"line":81,"column":22},"end":{"line":81,"column":37}}]},"20":{"type":"branch","line":81,"loc":{"start":{"line":81,"column":29},"end":{"line":82,"column":29}},"locations":[{"start":{"line":81,"column":29},"end":{"line":82,"column":29}}]},"21":{"type":"branch","line":82,"loc":{"start":{"line":82,"column":22},"end":{"line":82,"column":40}},"locations":[{"start":{"line":82,"column":22},"end":{"line":82,"column":40}}]},"22":{"type":"branch","line":82,"loc":{"start":{"line":82,"column":29},"end":{"line":83,"column":30}},"locations":[{"start":{"line":82,"column":29},"end":{"line":83,"column":30}}]},"23":{"type":"branch","line":83,"loc":{"start":{"line":83,"column":23},"end":{"line":83,"column":42}},"locations":[{"start":{"line":83,"column":23},"end":{"line":83,"column":42}}]},"24":{"type":"branch","line":83,"loc":{"start":{"line":83,"column":30},"end":{"line":84,"column":22}},"locations":[{"start":{"line":83,"column":30},"end":{"line":84,"column":22}}]},"25":{"type":"branch","line":84,"loc":{"start":{"line":84,"column":17},"end":{"line":84,"column":37}},"locations":[{"start":{"line":84,"column":17},"end":{"line":84,"column":37}}]},"26":{"type":"branch","line":84,"loc":{"start":{"line":84,"column":37},"end":{"line":84,"column":66}},"locations":[{"start":{"line":84,"column":37},"end":{"line":84,"column":66}}]},"27":{"type":"branch","line":84,"loc":{"start":{"line":84,"column":58},"end":{"line":85,"column":23}},"locations":[{"start":{"line":84,"column":58},"end":{"line":85,"column":23}}]},"28":{"type":"branch","line":85,"loc":{"start":{"line":85,"column":17},"end":{"line":85,"column":39}},"locations":[{"start":{"line":85,"column":17},"end":{"line":85,"column":39}}]},"29":{"type":"branch","line":85,"loc":{"start":{"line":85,"column":39},"end":{"line":89,"column":1}},"locations":[{"start":{"line":85,"column":39},"end":{"line":89,"column":1}}]},"30":{"type":"branch","line":94,"loc":{"start":{"line":94,"column":7},"end":{"line":100,"column":1}},"locations":[{"start":{"line":94,"column":7},"end":{"line":100,"column":1}}]},"31":{"type":"branch","line":95,"loc":{"start":{"line":95,"column":26},"end":{"line":99,"column":3}},"locations":[{"start":{"line":95,"column":26},"end":{"line":99,"column":3}}]},"32":{"type":"branch","line":96,"loc":{"start":{"line":96,"column":29},"end":{"line":96,"column":52}},"locations":[{"start":{"line":96,"column":29},"end":{"line":96,"column":52}}]},"33":{"type":"branch","line":96,"loc":{"start":{"line":96,"column":39},"end":{"line":96,"column":53}},"locations":[{"start":{"line":96,"column":39},"end":{"line":96,"column":53}}]},"34":{"type":"branch","line":97,"loc":{"start":{"line":97,"column":29},"end":{"line":97,"column":52}},"locations":[{"start":{"line":97,"column":29},"end":{"line":97,"column":52}}]},"35":{"type":"branch","line":97,"loc":{"start":{"line":97,"column":39},"end":{"line":97,"column":53}},"locations":[{"start":{"line":97,"column":39},"end":{"line":97,"column":53}}]},"36":{"type":"branch","line":98,"loc":{"start":{"line":98,"column":21},"end":{"line":98,"column":45}},"locations":[{"start":{"line":98,"column":21},"end":{"line":98,"column":45}}]},"37":{"type":"branch","line":98,"loc":{"start":{"line":98,"column":37},"end":{"line":98,"column":59}},"locations":[{"start":{"line":98,"column":37},"end":{"line":98,"column":59}}]}},"b":{"0":[6],"1":[1],"2":[5],"3":[9],"4":[1],"5":[8],"6":[5],"7":[3],"8":[2],"9":[6],"10":[4],"11":[1],"12":[3],"13":[1],"14":[2],"15":[1],"16":[7],"17":[1],"18":[6],"19":[1],"20":[5],"21":[1],"22":[4],"23":[1],"24":[3],"25":[2],"26":[1],"27":[2],"28":[1],"29":[1],"30":[4],"31":[11],"32":[1],"33":[0],"34":[1],"35":[0],"36":[7],"37":[4]},"fnMap":{"0":{"name":"formatEventDate","decl":{"start":{"line":7,"column":7},"end":{"line":15,"column":1}},"loc":{"start":{"line":7,"column":7},"end":{"line":15,"column":1}},"line":7},"1":{"name":"formatEventTime","decl":{"start":{"line":20,"column":7},"end":{"line":30,"column":1}},"loc":{"start":{"line":20,"column":7},"end":{"line":30,"column":1}},"line":20},"2":{"name":"generateEventSlug","decl":{"start":{"line":35,"column":7},"end":{"line":42,"column":1}},"loc":{"start":{"line":35,"column":7},"end":{"line":42,"column":1}},"line":35},"3":{"name":"getEventStatus","decl":{"start":{"line":48,"column":7},"end":{"line":63,"column":1}},"loc":{"start":{"line":48,"column":7},"end":{"line":63,"column":1}},"line":48},"4":{"name":"getRelativeEventDate","decl":{"start":{"line":69,"column":7},"end":{"line":89,"column":1}},"loc":{"start":{"line":69,"column":7},"end":{"line":89,"column":1}},"line":69},"5":{"name":"sortEventsByDate","decl":{"start":{"line":94,"column":7},"end":{"line":100,"column":1}},"loc":{"start":{"line":94,"column":7},"end":{"line":100,"column":1}},"line":94}},"f":{"0":6,"1":9,"2":6,"3":4,"4":7,"5":4}}
,"/Users/poorva/Documents/ws-sites-for-git/bowring-and-lady-cur-2kgs-3-24-hth/lib/galleryUtils.ts": {"path":"/Users/poorva/Documents/ws-sites-for-git/bowring-and-lady-cur-2kgs-3-24-hth/lib/galleryUtils.ts","all":false,"statementMap":{"0":{"start":{"line":1,"column":0},"end":{"line":1,"column":22}},"1":{"start":{"line":2,"column":0},"end":{"line":2,"column":40}},"2":{"start":{"line":3,"column":0},"end":{"line":3,"column":68}},"3":{"start":{"line":4,"column":0},"end":{"line":4,"column":0}},"4":{"start":{"line":5,"column":0},"end":{"line":5,"column":52}},"5":{"start":{"line":6,"column":0},"end":{"line":6,"column":0}},"6":{"start":{"line":7,"column":0},"end":{"line":7,"column":3}},"7":{"start":{"line":8,"column":0},"end":{"line":8,"column":64}},"8":{"start":{"line":9,"column":0},"end":{"line":9,"column":56}},"9":{"start":{"line":10,"column":0},"end":{"line":10,"column":3}},"10":{"start":{"line":11,"column":0},"end":{"line":11,"column":72}},"11":{"start":{"line":12,"column":0},"end":{"line":12,"column":13}},"12":{"start":{"line":13,"column":0},"end":{"line":13,"column":15}},"13":{"start":{"line":14,"column":0},"end":{"line":14,"column":15}},"14":{"start":{"line":15,"column":0},"end":{"line":15,"column":17}},"15":{"start":{"line":16,"column":0},"end":{"line":16,"column":15}},"16":{"start":{"line":17,"column":0},"end":{"line":17,"column":23}},"17":{"start":{"line":18,"column":0},"end":{"line":18,"column":19}},"18":{"start":{"line":19,"column":0},"end":{"line":19,"column":18}},"19":{"start":{"line":20,"column":0},"end":{"line":20,"column":24}},"20":{"start":{"line":21,"column":0},"end":{"line":21,"column":21}},"21":{"start":{"line":22,"column":0},"end":{"line":22,"column":23}},"22":{"start":{"line":23,"column":0},"end":{"line":23,"column":23}},"23":{"start":{"line":24,"column":0},"end":{"line":24,"column":11}},"24":{"start":{"line":25,"column":0},"end":{"line":25,"column":16}},"25":{"start":{"line":26,"column":0},"end":{"line":26,"column":16}},"26":{"start":{"line":27,"column":0},"end":{"line":27,"column":4}},"27":{"start":{"line":28,"column":0},"end":{"line":28,"column":4}},"28":{"start":{"line":29,"column":0},"end":{"line":29,"column":40}},"29":{"start":{"line":30,"column":0},"end":{"line":30,"column":17}},"30":{"start":{"line":31,"column":0},"end":{"line":31,"column":52}},"31":{"start":{"line":32,"column":0},"end":{"line":32,"column":24}},"32":{"start":{"line":33,"column":0},"end":{"line":33,"column":24}},"33":{"start":{"line":34,"column":0},"end":{"line":34,"column":29}},"34":{"start":{"line":35,"column":0},"end":{"line":35,"column":57}},"35":{"start":{"line":36,"column":0},"end":{"line":36,"column":58}},"36":{"start":{"line":37,"column":0},"end":{"line":37,"column":33}},"37":{"start":{"line":38,"column":0},"end":{"line":38,"column":27}},"38":{"start":{"line":39,"column":0},"end":{"line":39,"column":39}},"39":{"start":{"line":40,"column":0},"end":{"line":40,"column":31}},"40":{"start":{"line":41,"column":0},"end":{"line":41,"column":54}},"41":{"start":{"line":42,"column":0},"end":{"line":42,"column":45}},"42":{"start":{"line":43,"column":0},"end":{"line":43,"column":57}},"43":{"start":{"line":44,"column":0},"end":{"line":44,"column":12}},"44":{"start":{"line":45,"column":0},"end":{"line":45,"column":26}},"45":{"start":{"line":46,"column":0},"end":{"line":46,"column":58}},"46":{"start":{"line":47,"column":0},"end":{"line":47,"column":5}},"47":{"start":{"line":48,"column":0},"end":{"line":48,"column":6}},"48":{"start":{"line":49,"column":0},"end":{"line":49,"column":1}},"49":{"start":{"line":50,"column":0},"end":{"line":50,"column":0}},"50":{"start":{"line":51,"column":0},"end":{"line":51,"column":3}},"51":{"start":{"line":52,"column":0},"end":{"line":52,"column":61}},"52":{"start":{"line":53,"column":0},"end":{"line":53,"column":48}},"53":{"start":{"line":54,"column":0},"end":{"line":54,"column":3}},"54":{"start":{"line":55,"column":0},"end":{"line":55,"column":91}},"55":{"start":{"line":56,"column":0},"end":{"line":56,"column":63}},"56":{"start":{"line":57,"column":0},"end":{"line":57,"column":45}},"57":{"start":{"line":58,"column":0},"end":{"line":58,"column":1}},"58":{"start":{"line":59,"column":0},"end":{"line":59,"column":0}},"59":{"start":{"line":60,"column":0},"end":{"line":60,"column":3}},"60":{"start":{"line":61,"column":0},"end":{"line":61,"column":60}},"61":{"start":{"line":62,"column":0},"end":{"line":62,"column":48}},"62":{"start":{"line":63,"column":0},"end":{"line":63,"column":3}},"63":{"start":{"line":64,"column":0},"end":{"line":64,"column":69}},"64":{"start":{"line":65,"column":0},"end":{"line":65,"column":52}},"65":{"start":{"line":66,"column":0},"end":{"line":66,"column":41}},"66":{"start":{"line":67,"column":0},"end":{"line":67,"column":1}},"67":{"start":{"line":68,"column":0},"end":{"line":68,"column":0}},"68":{"start":{"line":69,"column":0},"end":{"line":69,"column":3}},"69":{"start":{"line":70,"column":0},"end":{"line":70,"column":26}},"70":{"start":{"line":71,"column":0},"end":{"line":71,"column":3}},"71":{"start":{"line":72,"column":0},"end":{"line":72,"column":56}},"72":{"start":{"line":73,"column":0},"end":{"line":73,"column":36}},"73":{"start":{"line":74,"column":0},"end":{"line":74,"column":43}},"74":{"start":{"line":75,"column":0},"end":{"line":75,"column":20}},"75":{"start":{"line":76,"column":0},"end":{"line":76,"column":18}},"76":{"start":{"line":77,"column":0},"end":{"line":77,"column":18}},"77":{"start":{"line":78,"column":0},"end":{"line":78,"column":5}},"78":{"start":{"line":79,"column":0},"end":{"line":79,"column":1}},"79":{"start":{"line":80,"column":0},"end":{"line":80,"column":0}},"80":{"start":{"line":81,"column":0},"end":{"line":81,"column":3}},"81":{"start":{"line":82,"column":0},"end":{"line":82,"column":43}},"82":{"start":{"line":83,"column":0},"end":{"line":83,"column":3}},"83":{"start":{"line":84,"column":0},"end":{"line":84,"column":60}},"84":{"start":{"line":85,"column":0},"end":{"line":85,"column":14}},"85":{"start":{"line":86,"column":0},"end":{"line":86,"column":18}},"86":{"start":{"line":87,"column":0},"end":{"line":87,"column":62}},"87":{"start":{"line":88,"column":0},"end":{"line":88,"column":56}},"88":{"start":{"line":89,"column":0},"end":{"line":89,"column":71}},"89":{"start":{"line":90,"column":0},"end":{"line":90,"column":12}},"90":{"start":{"line":91,"column":0},"end":{"line":91,"column":1}},"91":{"start":{"line":92,"column":0},"end":{"line":92,"column":0}},"92":{"start":{"line":93,"column":0},"end":{"line":93,"column":3}},"93":{"start":{"line":94,"column":0},"end":{"line":94,"column":38}},"94":{"start":{"line":95,"column":0},"end":{"line":95,"column":3}},"95":{"start":{"line":96,"column":0},"end":{"line":96,"column":80}},"96":{"start":{"line":97,"column":0},"end":{"line":97,"column":60}},"97":{"start":{"line":98,"column":0},"end":{"line":98,"column":0}},"98":{"start":{"line":99,"column":0},"end":{"line":99,"column":31}},"99":{"start":{"line":100,"column":0},"end":{"line":100,"column":69}},"100":{"start":{"line":101,"column":0},"end":{"line":101,"column":4}},"101":{"start":{"line":102,"column":0},"end":{"line":102,"column":1}},"102":{"start":{"line":103,"column":0},"end":{"line":103,"column":0}},"103":{"start":{"line":104,"column":0},"end":{"line":104,"column":3}},"104":{"start":{"line":105,"column":0},"end":{"line":105,"column":22}},"105":{"start":{"line":106,"column":0},"end":{"line":106,"column":3}},"106":{"start":{"line":107,"column":0},"end":{"line":107,"column":34}},"107":{"start":{"line":108,"column":0},"end":{"line":108,"column":16}},"108":{"start":{"line":109,"column":0},"end":{"line":109,"column":57}},"109":{"start":{"line":110,"column":0},"end":{"line":110,"column":10}},"110":{"start":{"line":111,"column":0},"end":{"line":111,"column":29}},"111":{"start":{"line":112,"column":0},"end":{"line":112,"column":0}},"112":{"start":{"line":113,"column":0},"end":{"line":113,"column":19}},"113":{"start":{"line":114,"column":0},"end":{"line":114,"column":18}},"114":{"start":{"line":115,"column":0},"end":{"line":115,"column":34}},"115":{"start":{"line":116,"column":0},"end":{"line":116,"column":63}},"116":{"start":{"line":117,"column":0},"end":{"line":117,"column":61}},"117":{"start":{"line":118,"column":0},"end":{"line":118,"column":8}},"118":{"start":{"line":119,"column":0},"end":{"line":119,"column":0}},"119":{"start":{"line":120,"column
[...]
e":85,"column":20},"end":{"line":85,"column":43}},"locations":[{"start":{"line":85,"column":20},"end":{"line":85,"column":43}}]},"21":{"type":"branch","line":85,"loc":{"start":{"line":85,"column":41},"end":{"line":90,"column":25}},"locations":[{"start":{"line":85,"column":41},"end":{"line":90,"column":25}}]},"22":{"type":"branch","line":90,"loc":{"start":{"line":90,"column":18},"end":{"line":93,"column":1}},"locations":[{"start":{"line":90,"column":18},"end":{"line":93,"column":1}}]},"23":{"type":"branch","line":98,"loc":{"start":{"line":98,"column":7},"end":{"line":110,"column":1}},"locations":[{"start":{"line":98,"column":7},"end":{"line":110,"column":1}}]},"24":{"type":"branch","line":99,"loc":{"start":{"line":99,"column":12},"end":{"line":99,"column":29}},"locations":[{"start":{"line":99,"column":12},"end":{"line":99,"column":29}}]},"25":{"type":"branch","line":99,"loc":{"start":{"line":99,"column":19},"end":{"line":101,"column":37}},"locations":[{"start":{"line":99,"column":19},"end":{"line":101,"column":37}}]},"26":{"type":"branch","line":101,"loc":{"start":{"line":101,"column":32},"end":{"line":101,"column":63}},"locations":[{"start":{"line":101,"column":32},"end":{"line":101,"column":63}}]},"27":{"type":"branch","line":101,"loc":{"start":{"line":101,"column":63},"end":{"line":105,"column":33}},"locations":[{"start":{"line":101,"column":63},"end":{"line":105,"column":33}}]},"28":{"type":"branch","line":105,"loc":{"start":{"line":105,"column":33},"end":{"line":107,"column":3}},"locations":[{"start":{"line":105,"column":33},"end":{"line":107,"column":3}}]},"29":{"type":"branch","line":107,"loc":{"start":{"line":107,"column":2},"end":{"line":110,"column":1}},"locations":[{"start":{"line":107,"column":2},"end":{"line":110,"column":1}}]},"30":{"type":"branch","line":115,"loc":{"start":{"line":115,"column":7},"end":{"line":134,"column":1}},"locations":[{"start":{"line":115,"column":7},"end":{"line":134,"column":1}}]},"31":{"type":"branch","line":117,"loc":{"start":{"line":117,"column":25},"end":{"line":117,"column":50}},"locations":[{"start":{"line":117,"column":25},"end":{"line":117,"column":50}}]},"32":{"type":"branch","line":117,"loc":{"start":{"line":117,"column":32},"end":{"line":120,"column":17}},"locations":[{"start":{"line":117,"column":32},"end":{"line":120,"column":17}}]},"33":{"type":"branch","line":120,"loc":{"start":{"line":120,"column":6},"end":{"line":120,"column":22}},"locations":[{"start":{"line":120,"column":6},"end":{"line":120,"column":22}}]},"34":{"type":"branch","line":120,"loc":{"start":{"line":120,"column":22},"end":{"line":131,"column":3}},"locations":[{"start":{"line":120,"column":22},"end":{"line":131,"column":3}}]},"35":{"type":"branch","line":123,"loc":{"start":{"line":123,"column":32},"end":{"line":130,"column":5}},"locations":[{"start":{"line":123,"column":32},"end":{"line":130,"column":5}}]},"36":{"type":"branch","line":131,"loc":{"start":{"line":131,"column":2},"end":{"line":134,"column":1}},"locations":[{"start":{"line":131,"column":2},"end":{"line":134,"column":1}}]},"37":{"type":"branch","line":139,"loc":{"start":{"line":139,"column":7},"end":{"line":143,"column":1}},"locations":[{"start":{"line":139,"column":7},"end":{"line":143,"column":1}}]},"38":{"type":"branch","line":140,"loc":{"start":{"line":140,"column":20},"end":{"line":140,"column":44}},"locations":[{"start":{"line":140,"column":20},"end":{"line":140,"column":44}}]},"39":{"type":"branch","line":140,"loc":{"start":{"line":140,"column":42},"end":{"line":141,"column":30}},"locations":[{"start":{"line":140,"column":42},"end":{"line":141,"column":30}}]},"40":{"type":"branch","line":141,"loc":{"start":{"line":141,"column":23},"end":{"line":143,"column":1}},"locations":[{"start":{"line":141,"column":23},"end":{"line":143,"column":1}}]},"41":{"type":"branch","line":148,"loc":{"start":{"line":148,"column":7},"end":{"line":156,"column":1}},"locations":[{"start":{"line":148,"column":7},"end":{"line":156,"column":1}}]},"42":{"type":"branch","line":149,"loc":{"start":{"line":149,"column":13},"end":{"line":149,"column":22}},"locations":[{"start":{"line":149,"column":13},"end":{"line":149,"column":22}}]},"43":{"type":"branch","line":149,"loc":{"start":{"line":149,"column":20},"end":{"line":156,"column":1}},"locations":[{"start":{"line":149,"column":20},"end":{"line":156,"column":1}}]},"44":{"type":"branch","line":161,"loc":{"start":{"line":161,"column":7},"end":{"line":168,"column":1}},"locations":[{"start":{"line":161,"column":7},"end":{"line":168,"column":1}}]},"45":{"type":"branch","line":162,"loc":{"start":{"line":162,"column":32},"end":{"line":162,"column":44}},"locations":[{"start":{"line":162,"column":32},"end":{"line":162,"column":44}}]},"46":{"type":"branch","line":162,"loc":{"start":{"line":162,"column":39},"end":{"line":167,"column":69}},"locations":[{"start":{"line":162,"column":39},"end":{"line":167,"column":69}}]},"47":{"type":"branch","line":167,"loc":{"start":{"line":167,"column":61},"end":{"line":167,"column":87}},"locations":[{"start":{"line":167,"column":61},"end":{"line":167,"column":87}}]},"48":{"type":"branch","line":173,"loc":{"start":{"line":173,"column":7},"end":{"line":203,"column":1}},"locations":[{"start":{"line":173,"column":7},"end":{"line":203,"column":1}}]},"49":{"type":"branch","line":180,"loc":{"start":{"line":180,"column":4},"end":{"line":185,"column":9}},"locations":[{"start":{"line":180,"column":4},"end":{"line":185,"column":9}}]},"50":{"type":"branch","line":187,"loc":{"start":{"line":187,"column":4},"end":{"line":192,"column":9}},"locations":[{"start":{"line":187,"column":4},"end":{"line":192,"column":9}}]},"51":{"type":"branch","line":194,"loc":{"start":{"line":194,"column":4},"end":{"line":195,"column":67}},"locations":[{"start":{"line":194,"column":4},"end":{"line":195,"column":67}}]},"52":{"type":"branch","line":197,"loc":{"start":{"line":197,"column":4},"end":{"line":198,"column":68}},"locations":[{"start":{"line":197,"column":4},"end":{"line":198,"column":68}}]},"53":{"type":"branch","line":200,"loc":{"start":{"line":200,"column":4},"end":{"line":201,"column":20}},"locations":[{"start":{"line":200,"column":4},"end":{"line":201,"column":20}}]},"54":{"type":"branch","line":181,"loc":{"start":{"line":181,"column":25},"end":{"line":185,"column":7}},"locations":[{"start":{"line":181,"column":25},"end":{"line":185,"column":7}}]},"55":{"type":"branch","line":182,"loc":{"start":{"line":182,"column":70},"end":{"line":182,"column":76}},"locations":[{"start":{"line":182,"column":70},"end":{"line":182,"column":76}}]},"56":{"type":"branch","line":183,"loc":{"start":{"line":183,"column":70},"end":{"line":183,"column":76}},"locations":[{"start":{"line":183,"column":70},"end":{"line":183,"column":76}}]},"57":{"type":"branch","line":188,"loc":{"start":{"line":188,"column":25},"end":{"line":192,"column":7}},"locations":[{"start":{"line":188,"column":25},"end":{"line":192,"column":7}}]},"58":{"type":"branch","line":189,"loc":{"start":{"line":189,"column":70},"end":{"line":189,"column":76}},"locations":[{"start":{"line":189,"column":70},"end":{"line":189,"column":76}}]},"59":{"type":"branch","line":190,"loc":{"start":{"line":190,"column":70},"end":{"line":190,"column":76}},"locations":[{"start":{"line":190,"column":70},"end":{"line":190,"column":76}}]},"60":{"type":"branch","line":195,"loc":{"start":{"line":195,"column":25},"end":{"line":195,"column":65}},"locations":[{"start":{"line":195,"column":25},"end":{"line":195,"column":65}}]},"61":{"type":"branch","line":198,"loc":{"start":{"line":198,"column":25},"end":{"line":198,"column":66}},"locations":[{"start":{"line":198,"column":25},"end":{"line":198,"column":66}}]},"62":{"type":"branch","line":198,"loc":{"start":{"line":198,"column":38},"end":{"line":198,"column":53}},"locations":[{"start":{"line":198,"column":38},"end":{"line":198,"column":53}}]},"63":{"type":"branch","line":198,"loc":{"start":{"line":198,"column":55},"end":{"line":198,"column":66}},"locations":[{"start":{"line":198,"column":55},"end":{"line":198,"column":66}}]},"64":{"type":"branch","line":208,"loc":{"start":{"line":208,"column":7},"end":{"line":231,"column":1}},"locations":[{"start":{"line":208,"column":7},"end":{"line":231,"column":1}}]},"65":{"type":"branch","line":212,"loc":{"start":{"line":212,"column":19},"end":{"line":212,"column":33}},"locations":[{"start":{"line":212,"column":19},"end":{"line":212,"column":33}}]},"66":{"type":"branch","line":212,"loc":{"start":{"line":212,"column":26},"end":{"line":231,"column":1}},"locations":[{"start":{"line":212,"column":26},"end":{"line":231,"column":1}}]},"67":{"type":"branch","line":216,"loc":{"start":{"line":216,"column":23},"end":{"line":230,"column":3}},"locations":[{"start":{"line":216,"column":23},"end":{"line":230,"column":3}}]},"68":{"type":"branch","line":218,"loc":{"start":{"line":218,"column":52},"end":{"line":218,"column":64}},"locations":[{"start":{"line":218,"column":52},"end":{"line":218,"column":64}}]},"69":{"type":"branch","line":218,"loc":{"start":{"line":218,"column":59},"end":{"line":221,"column":39}},"locations":[{"start":{"line":218,"column":59},"end":{"line":221,"column":39}}]},"70":{"type":"branch","line":221,"loc":{"start":{"line":221,"column":59},"end":{"line":221,"column":71}},"locations":[{"start":{"line":221,"column":59},"end":{"line":221,"column":71}}]},"71":{"type":"branch","line":221,"loc":{"start":{"line":221,"column":66},"end":{"line":224,"column":31}},"locations":[{"start":{"line":221,"column":66},"end":{"line":224,"column":31}}]},"72":{"type":"branch","line":224,"loc":{"start":{"line":224,"column":75},"end":{"line":224,"column":87}},"locations":[{"start":{"line":224,"column":75},"end":{"line":224,"column":87}}]},"73":{"type":"branch","line":224,"loc":{"start":{"line":224,"column":82},"end":{"line":227,"column":25}},"locations":[{"start":{"line":224,"column":82},"end":{"line":227,"column":25}}]},"74":{"type":"branch","line":227,"loc":{"start":{"line":227,"column":69},"end":{"line":227,"column":81}},"locations":[{"start":{"line":227,"column":69},"end":{"line":227,"column":81}}]},"75":{"type":"branch","line":227,"loc":{"start":{"line":227,"column":76},"end":{"line":229,"column":17}},"locations":[{"start":{"line":227,"column":76},"end":{"line":229,"column":17}}]},"76":{"type":"branch","line":224,"loc":{"start":{"line":224,"column":31},"end":{"line":224,"column":72}},"locations":[{"start":{"line":224,"column":31},"end":{"line":224,"column":72}}]},"77":{"type":"branch","line":227,"loc":{"start":{"line":227,"column":25},"end":{"line":227,"column":66}},"locations":[{"start":{"line":227,"column":25},"end":{"line":227,"column":66}}]},"78":{"type":"branch","line":236,"loc":{"start":{"line":236,"column":7},"end":{"line":252,"column":1}},"locations":[{"start":{"line":236,"column":7},"end":{"line":252,"column":1}}]},"79":{"type":"branch","line":241,"loc":{"start":{"line":241,"column":17},"end":{"line":249,"column":3}},"locations":[{"start":{"line":241,"column":17},"end":{"line":249,"column":3}}]},"80":{"type":"branch","line":242,"loc":{"start":{"line":242,"column":29},"end":{"line":242,"column":79}},"locations":[{"start":{"line":242,"column":29},"end":{"line":242,"column":79}}]},"81":{"type":"branch","line":242,"loc":{"start":{"line":242,"column":50},"end":{"line":242,"column":77}},"locations":[{"start":{"line":242,"column":50},"end":{"line":242,"column":77}}]},"82":{"type":"branch","line":244,"loc":{"start":{"line":244,"column":23},"end":{"line":248,"column":5}},"locations":[{"start":{"line":244,"column":23},"end":{"line":248,"column":5}}]},"83":{"type":"branch","line":245,"loc":{"start":{"line":245,"column":43},"end":{"line":245,"column":51}},"locations":[{"start":{"line":245,"column":43},"end":{"line":245,"column":51}}]},"84":{"type":"branch","line":257,"loc":{"start":{"line":257,"column":7},"end":{"line":291,"column":1}},"locations":[{"start":{"line":257,"column":7},"end":{"line":291,"column":1}}]},"85":{"type":"branch","line":258,"loc":{"start":{"line":258,"column":17},"end":{"line":258,"column":27}},"locations":[{"start":{"line":258,"column":17},"end":{"line":258,"column":27}}]},"86":{"type":"branch","line":258,"loc":{"start":{"line":258,"column":24},"end":{"line":261,"column":30}},"locations":[{"start":{"line":258,"column":24},"end":{"line":261,"column":30}}]},"87":{"type":"branch","line":261,"loc":{"start":{"line":261,"column":30},"end":{"line":274,"column":3}},"locations":[{"start":{"line":261,"column":30},"end":{"line":274,"column":3}}]},"88":{"type":"branch","line":267,"loc":{"start":{"line":267,"column":19},"end":{"line":269,"column":5}},"locations":[{"start":{"line":267,"column":19},"end":{"line":269,"column":5}}]},"89":{"type":"branch","line":268,"loc":{"start":{"line":268,"column":23},"end":{"line":268,"column":53}},"locations":[{"start":{"line":268,"column":23},"end":{"line":268,"column":53}}]},"90":{"type":"branch","line":268,"loc":{"start":{"line":268,"column":47},"end":{"line":268,"column":65}},"locations":[{"start":{"line":268,"column":47},"end":{"line":268,"column":65}}]},"91":{"type":"branch","line":269,"loc":{"start":{"line":269,"column":4},"end":{"line":270,"column":21}},"locations":[{"start":{"line":269,"column":4},"end":{"line":270,"column":21}}]},"92":{"type":"branch","line":270,"loc":{"start":{"line":270,"column":21},"end":{"line":272,"column":5}},"locations":[{"start":{"line":270,"column":21},"end":{"line":272,"column":5}}]},"93":{"type":"branch","line":271,"loc":{"start":{"line":271,"column":23},"end":{"line":271,"column":55}},"locations":[{"start":{"line":271,"column":23},"end":{"line":271,"column":55}}]},"94":{"type":"branch","line":271,"loc":{"start":{"line":271,"column":49},"end":{"line":271,"column":69}},"locations":[{"start":{"line":271,"column":49},"end":{"line":271,"column":69}}]},"95":{"type":"branch","line":272,"loc":{"start":{"line":272,"column":4},"end":{"line":274,"column":3}},"locations":[{"start":{"line":272,"column":4},"end":{"line":274,"column":3}}]},"96":{"type":"branch","line":274,"loc":{"start":{"line":274,"column":2},"end":{"line":278,"column":26}},"locations":[{"start":{"line":274,"column":2},"end":{"line":278,"column":26}}]},"97":{"type":"branch","line":278,"loc":{"start":{"line":278,"column":26},"end":{"line":284,"column":3}},"locations":[{"start":{"line":278,"column":26},"end":{"line":284,"column":3}}]},"98":{"type":"branch","line":281,"loc":{"start":{"line":281,"column":47},"end":{"line":281,"column":65}},"locations":[{"start":{"line":281,"column":47},"end":{"line":281,"column":65}}]},"99":{"type":"branch","line":282,"loc":{"start":{"line":282,"column":4},"end":{"line":283,"column":53}},"locations":[{"start":{"line":282,"column":4},"end":{"line":283,"column":53}}]},"100":{"type":"branch","line":283,"loc":{"start":{"line":283,"column":47},"end":{"line":283,"column":67}},"locations":[{"start":{"line":283,"column":47},"end":{"line":283,"column":67}}]},"101":{"type":"branch","line":284,"loc":{"start":{"line":284,"column":2},"end":{"line":285,"column":26}},"locations":[{"start":{"line":284,"column":2},"end":{"line":285,"column":26}}]},"102":{"type":"branch","line":285,"loc":{"start":{"line":285,"column":26},"end":{"line":291,"column":1}},"locations":[{"start":{"line":285,"column":26},"end":{"line":291,"column":1}}]},"103":{"type":"branch","line":287,"loc":{"start":{"line":287,"column":47},"end":{"line":287,"column":67}},"locations":[{"start":{"line":287,"column":47},"end":{"line":287,"column":67}}]},"104":{"type":"branch","line":296,"loc":{"start":{"line":296,"column":7},"end":{"line":306,"column":1}},"locations":[{"start":{"line":296,"column":7},"end":{"line":306,"column":1}}]},"105":{"type":"branch","line":299,"loc":{"start":{"line":299,"column":17},"end":{"line":303,"column":3}},"locations":[{"start":{"line":299,"column":17},"end":{"line":303,"column":3}}]},"106":{"type":"branch","line":300,"loc":{"start":{"line":300,"column":20},"end":{"line":302,"column":5}},"locations":[{"start":{"line":300,"column":20},"end":{"line":302,"column":5}}]},"107":{"type":"branch","line":301,"loc":{"start":{"line":301,"column":25},"end":{"line":301,"column":45}},"locations":[{"start":{"line":301,"column":25},"end":{"line":301,"column":45}}]}},"b":{"0":[2],"1":[6],"2":[1],"3":[5],"4":[4],"5":[1],"6":[3],"7":[1],"8":[6],"9":[1],"10":[5],"11":[4],"12":[1],"13":[3],"14":[2],"15":[2],"16":[1],"17":[6],"18":[1],"19":[5],"20":[3],"21":[2],"22":[1],"23":[7],"24":[1],"25":[6],"26":[4],"27":[3],"28":[2],"29":[1],"30":[4],"31":[1],"32":[3],"33":[2],"34":[2],"35":[1],"36":[1],"37":[6],"38":[2],"39":[4],"40":[2],"41":[3],"42":[1],"43":[2],"44":[3],"45":[1],"46":[2],"47":[0],"48":[5],"49":[2],"50":[1],"51":[1],"52":[1],"53":[0],"54":[8],"55":[0],"56":[0],"57":[4],"58":[0],"59":[0],"60":[4],"61":[4],"62":[0],"63":[0],"64":[6],"65":[1],"66":[5],"67":[15],"68":[2],"69":[13],"70":[1],"71":[12],"72":[1],"73":[11],"74":[1],"75":[10],"76":[12],"77":[11],"78":[3],"79":[12],"80":[6],"81":[3],"82":[15],"83":[12],"84":[9],"85":[1],"86":[8],"87":[5],"88":[2],"89":[1],"90":[1],"91":[3],"92":[2],"93":[1],"94":[1],"95":[1],"96":[3],"97":[1],"98":[0],"99":[0],"100":[0],"101":[2],"102":[1],"103":[0],"104":[2],"105":[6],"106":[3],"107":[5]},"fnMap":{"0":{"name":"formatDate","decl":{"start":{"line":7,"column":7},"end":{"line":14,"column":1}},"loc":{"start":{"line":7,"column":7},"end":{"line":14,"column":1}},"line":7},"1":{"name":"formatDuration","decl":{"start":{"line":19,"column":7},"end":{"line":37,"column":1}},"loc":{"start":{"line":19,"column":7},"end":{"line":37,"column":1}},"line":19},"2":{"name":"generateVideoSlug","decl":{"start":{"line":42,"column":7},"end":{"line":49,"column":1}},"loc":{"start":{"line":42,"column":7},"end":{"line":49,"column":1}},"line":42},"3":{"name":"getVideoSlug","decl":{"start":{"line":55,"column":7},"end":{"line":74,"column":1}},"loc":{"start":{"line":55,"column":7},"end":{"line":74,"column":1}},"line":55},"4":{"name":"extractVideoId","decl":{"start":{"line":79,"column":7},"end":{"line":93,"column":1}},"loc":{"start":{"line":79,"column":7},"end":{"line":93,"column":1}},"line":79},"5":{"name":"getVideoPlatform","decl":{"start":{"line":98,"column":7},"end":{"line":110,"column":1}},"loc":{"start":{"line":98,"column":7},"end":{"line":110,"column":1}},"line":98},"6":{"name":"getVideoThumbnail","decl":{"start":{"line":115,"column":7},"end":{"line":134,"column":1}},"loc":{"start":{"line":115,"column":7},"end":{"line":134,"column":1}},"line":115},"7":{"name":"formatViewCount","decl":{"start":{"line":139,"column":7},"end":{"line":143,"column":1}},"loc":{"start":{"line":139,"column":7},"end":{"line":143,"column":1}},"line":139},"8":{"name":"calculateReadingTime","decl":{"start":{"line":148,"column":7},"end":{"line":156,"column":1}},"loc":{"start":{"line":148,"column":7},"end":{"line":156,"column":1}},"line":148},"9":{"name":"truncateText","decl":{"start":{"line":161,"column":7},"end":{"line":168,"column":1}},"loc":{"start":{"line":161,"column":7},"end":{"line":168,"column":1}},"line":161},"10":{"name":"sortVideos","decl":{"start":{"line":173,"column":7},"end":{"line":203,"column":1}},"loc":{"start":{"line":173,"column":7},"end":{"line":203,"column":1}},"line":173},"11":{"name":"filterVideos","decl":{"start":{"line":208,"column":7},"end":{"line":231,"column":1}},"loc":{"start":{"line":208,"column":7},"end":{"line":231,"column":1}},"line":208},"12":{"name":"groupVideosByCategory","decl":{"start":{"line":236,"column":7},"end":{"line":252,"column":1}},"loc":{"start":{"line":236,"column":7},"end":{"line":252,"column":1}},"line":236},"13":{"name":"formatDurationHuman","decl":{"start":{"line":257,"column":7},"end":{"line":291,"column":1}},"loc":{"start":{"line":257,"column":7},"end":{"line":291,"column":1}},"line":257},"14":{"name":"getVideoTags","decl":{"start":{"line":296,"column":7},"end":{"line":306,"column":1}},"loc":{"start":{"line":296,"column":7},"end":{"line":306,"column":1}},"line":296}},"f":{"0":2,"1":6,"2":6,"3":4,"4":6,"5":7,"6":4,"7":6,"8":3,"9":3,"10":5,"11":6,"12":3,"13":9,"14":2}}
}
